#
# There is insufficient memory for the Java Runtime Environment to continue.
# Native memory allocation (malloc) failed to allocate 1155696 bytes for Chunk::new
# Possible reasons:
#   The system is out of physical RAM or swap space
#   The process is running with CompressedOops enabled, and the Java Heap may be blocking the growth of the native heap
# Possible solutions:
#   Reduce memory load on the system
#   Increase physical memory or swap space
#   Check if swap backing store is full
#   Decrease Java heap size (-Xmx/-Xms)
#   Decrease number of Java threads
#   Decrease Java thread stack sizes (-Xss)
#   Set larger code cache with -XX:ReservedCodeCacheSize=
#   JVM is running with Unscaled Compressed Oops mode in which the Java heap is
#     placed in the first 4GB address space. The Java Heap base address is the
#     maximum limit for the native heap growth. Please use -XX:HeapBaseMinAddress
#     to set the Java Heap base and to place the Java Heap above 4GB virtual address.
# This output file may be truncated or incomplete.
#
#  Out of Memory Error (./src/hotspot/share/memory/arena.cpp:197), pid=20328, tid=30596
#
# JRE version: OpenJDK Runtime Environment (11.0.12+7) (build 11.0.12+7-b1504.28-7817840)
# Java VM: OpenJDK 64-Bit Server VM (11.0.12+7-b1504.28-7817840, mixed mode, tiered, compressed oops, g1 gc, windows-amd64)
# No core dump will be written. Minidumps are not enabled by default on client versions of Windows
#

---------------  S U M M A R Y ------------

Command Line: --add-opens=java.base/java.util=ALL-UNNAMED --add-opens=java.base/java.lang=ALL-UNNAMED --add-opens=java.base/java.lang.invoke=ALL-UNNAMED --add-opens=java.base/java.util=ALL-UNNAMED --add-opens=java.prefs/java.util.prefs=ALL-UNNAMED --add-opens=java.prefs/java.util.prefs=ALL-UNNAMED --add-opens=java.base/java.nio.charset=ALL-UNNAMED --add-opens=java.base/java.net=ALL-UNNAMED --add-opens=java.base/java.util.concurrent.atomic=ALL-UNNAMED -Xmx2048m -Dfile.encoding=UTF-8 -Duser.country=US -Duser.language=en -Duser.variant org.gradle.launcher.daemon.bootstrap.GradleDaemon 7.3.3

Host: Intel(R) Core(TM) i7-10510U CPU @ 1.80GHz, 8 cores, 15G,  Windows 10 , 64 bit Build 22000 (10.0.22000.1335)
Time: Tue Jan 31 16:47:00 2023 GTB Standard Time elapsed time: 5473.820372 seconds (0d 1h 31m 13s)

---------------  T H R E A D  ---------------

Current thread (0x00000162d83d7000):  JavaThread "C2 CompilerThread2" daemon [_thread_in_native, id=30596, stack(0x0000004d3a400000,0x0000004d3a500000)]


Current CompileTask:
C2:5473820 29377       4       com.android.build.gradle.options.ProjectOptions::get (35 bytes)

Stack: [0x0000004d3a400000,0x0000004d3a500000]
Native frames: (J=compiled Java code, j=interpreted, Vv=VM code, C=native code)
V  [jvm.dll+0x5fbcea]
V  [jvm.dll+0x731905]
V  [jvm.dll+0x732f1d]
V  [jvm.dll+0x7335d3]
V  [jvm.dll+0x247bf8]
V  [jvm.dll+0xc018c]
V  [jvm.dll+0xc06cc]
V  [jvm.dll+0x35b2db]
V  [jvm.dll+0x328803]
V  [jvm.dll+0x327cfa]
V  [jvm.dll+0x200602]
V  [jvm.dll+0x1ff794]
V  [jvm.dll+0x18868c]
V  [jvm.dll+0x20e0d7]
V  [jvm.dll+0x20c901]
V  [jvm.dll+0x6f9b7f]
V  [jvm.dll+0x6f26a5]
V  [jvm.dll+0x5fabf6]
C  [ucrtbase.dll+0x26c0c]
C  [KERNEL32.DLL+0x155a0]
C  [ntdll.dll+0x485b]


---------------  P R O C E S S  ---------------

Threads class SMR info:
_java_thread_list=0x00000162d28488e0, length=147, elements={
0x00000162b47a3000, 0x00000162cf497800, 0x00000162cf49a800, 0x00000162cf4fc800,
0x00000162cf4fd800, 0x00000162cf500800, 0x00000162cf502000, 0x00000162cf503000,
0x00000162cf51e800, 0x00000162cf676000, 0x00000162d0b87800, 0x00000162d06f9000,
0x00000162d07cf800, 0x00000162d2e9b800, 0x00000162d2e9c800, 0x00000162d2e9a000,
0x00000162d2e97800, 0x00000162d2e9e000, 0x00000162d33c6000, 0x00000162d33c5000,
0x00000162d33c3800, 0x00000162d33c9000, 0x00000162d33cb800, 0x00000162d736e800,
0x00000162d736c000, 0x00000162d7376800, 0x00000162d7377800, 0x00000162d7375000,
0x00000162d7378800, 0x00000162d7372800, 0x00000162d83d8800, 0x00000162d4c71000,
0x00000162d52f5800, 0x00000162d25b7800, 0x00000162d4c6b000, 0x00000162deb50800,
0x00000162d33ce000, 0x00000162d7379000, 0x00000162da0f4000, 0x00000162deb53000,
0x00000162deb4c800, 0x00000162da0f1800, 0x00000162da0f6000, 0x00000162deb4a000,
0x00000162deb4b800, 0x00000162d2e9a800, 0x00000162d2e98800, 0x00000162d82dd000,
0x00000162d25b2800, 0x00000162deb54000, 0x00000162deb54800, 0x00000162deb4d800,
0x00000162deb4f800, 0x00000162d83e4000, 0x00000162d25b4000, 0x00000162d25b1800,
0x00000162d25b6800, 0x00000162d25b8000, 0x00000162d25b9000, 0x00000162d25b5000,
0x00000162d25b5800, 0x00000162d25b3800, 0x00000162d25ba800, 0x00000162d25be800,
0x00000162d25bb800, 0x00000162d25bf800, 0x00000162d25ba000, 0x00000162d25bc800,
0x00000162d25be000, 0x00000162d25bd000, 0x00000162d82e0000, 0x00000162d82e3800,
0x00000162d82dd800, 0x00000162d82e1000, 0x00000162d82e1800, 0x00000162d82e2800,
0x00000162d82e4000, 0x00000162d82de800, 0x00000162d82e5000, 0x00000162d82df000,
0x00000162d82ea000, 0x00000162d82eb800, 0x00000162d82e6000, 0x00000162d82ea800,
0x00000162d82ec800, 0x00000162d82e6800, 0x00000162d82e9000, 0x00000162d82ed000,
0x00000162d82e7800, 0x00000162d82e8000, 0x00000162d82f2000, 0x00000162d82f0800,
0x00000162d82ee000, 0x00000162d82ee800, 0x00000162d82f3000, 0x00000162d82f5800,
0x00000162d82f4800, 0x00000162d82ef800, 0x00000162d82f3800, 0x00000162d82f6000,
0x00000162d82f7000, 0x00000162d82f1000, 0x00000162d82f8800, 0x00000162d82f9800,
0x00000162d82fa000, 0x00000162d82fb000, 0x00000162d82fc000, 0x00000162d82f7800,
0x00000162d9db0800, 0x00000162d9db2000, 0x00000162d9db7800, 0x00000162d9db8800,
0x00000162d9db6000, 0x00000162d9db3800, 0x00000162d9db2800, 0x00000162d9dba000,
0x00000162d9db9800, 0x00000162d9db7000, 0x00000162d9db5000, 0x00000162d9db4800,
0x00000162d9dbb000, 0x00000162d9dbd800, 0x00000162d9dbf000, 0x00000162d9dbe000,
0x00000162d9dbb800, 0x00000162d9dbc800, 0x00000162d52f3000, 0x00000162d52f2000,
0x00000162d52f1800, 0x00000162d52f6000, 0x00000162d52f0800, 0x00000162d52f7000,
0x00000162d52f4000, 0x00000162d52f8800, 0x00000162d52f9800, 0x00000162d52fa800,
0x00000162d52f4800, 0x00000162d52fd800, 0x00000162d52fb000, 0x00000162d52fc000,
0x00000162d52fd000, 0x00000162d52f8000, 0x00000162d52fe800, 0x00000162d52ff000,
0x00000162d83dc800, 0x00000162d83d9800, 0x00000162d83d7000
}

Java Threads: ( => current thread )
  0x00000162b47a3000 JavaThread "main" [_thread_blocked, id=19948, stack(0x0000004d32300000,0x0000004d32400000)]
  0x00000162cf497800 JavaThread "Reference Handler" daemon [_thread_blocked, id=11076, stack(0x0000004d32a00000,0x0000004d32b00000)]
  0x00000162cf49a800 JavaThread "Finalizer" daemon [_thread_blocked, id=32, stack(0x0000004d32b00000,0x0000004d32c00000)]
  0x00000162cf4fc800 JavaThread "Signal Dispatcher" daemon [_thread_blocked, id=21388, stack(0x0000004d32c00000,0x0000004d32d00000)]
  0x00000162cf4fd800 JavaThread "Attach Listener" daemon [_thread_blocked, id=24032, stack(0x0000004d32d00000,0x0000004d32e00000)]
  0x00000162cf500800 JavaThread "Service Thread" daemon [_thread_blocked, id=8164, stack(0x0000004d32e00000,0x0000004d32f00000)]
  0x00000162cf502000 JavaThread "C2 CompilerThread0" daemon [_thread_in_native, id=5968, stack(0x0000004d32f00000,0x0000004d33000000)]
  0x00000162cf503000 JavaThread "C1 CompilerThread0" daemon [_thread_blocked, id=22232, stack(0x0000004d33000000,0x0000004d33100000)]
  0x00000162cf51e800 JavaThread "Sweeper thread" daemon [_thread_blocked, id=15532, stack(0x0000004d33100000,0x0000004d33200000)]
  0x00000162cf676000 JavaThread "Common-Cleaner" daemon [_thread_blocked, id=24304, stack(0x0000004d33200000,0x0000004d33300000)]
  0x00000162d0b87800 JavaThread "Daemon health stats" [_thread_blocked, id=25544, stack(0x0000004d33a00000,0x0000004d33b00000)]
  0x00000162d06f9000 JavaThread "Incoming local TCP Connector on port 64187" [_thread_in_native, id=6812, stack(0x0000004d33b00000,0x0000004d33c00000)]
  0x00000162d07cf800 JavaThread "Daemon periodic checks" [_thread_blocked, id=10312, stack(0x0000004d33c00000,0x0000004d33d00000)]
  0x00000162d2e9b800 JavaThread "Cache worker for journal cache (C:\Users\Rares Popa\.gradle\caches\journal-1)" [_thread_blocked, id=10980, stack(0x0000004d33900000,0x0000004d33a00000)]
  0x00000162d2e9c800 JavaThread "File lock request listener" [_thread_in_native, id=21168, stack(0x0000004d34400000,0x0000004d34500000)]
  0x00000162d2e9a000 JavaThread "Cache worker for file hash cache (C:\Users\Rares Popa\.gradle\caches\7.3.3\fileHashes)" [_thread_blocked, id=8568, stack(0x0000004d34500000,0x0000004d34600000)]
  0x00000162d2e97800 JavaThread "File watcher server" daemon [_thread_in_native, id=8684, stack(0x0000004d34b00000,0x0000004d34c00000)]
  0x00000162d2e9e000 JavaThread "File watcher consumer" daemon [_thread_blocked, id=10752, stack(0x0000004d34c00000,0x0000004d34d00000)]
  0x00000162d33c6000 JavaThread "Cache worker for execution history cache (C:\Users\Rares Popa\.gradle\caches\7.3.3\executionHistory)" [_thread_blocked, id=5348, stack(0x0000004d35000000,0x0000004d35100000)]
  0x00000162d33c5000 JavaThread "jar transforms" [_thread_blocked, id=23072, stack(0x0000004d35200000,0x0000004d35300000)]
  0x00000162d33c3800 JavaThread "Cache worker for file content cache (C:\Users\Rares Popa\.gradle\caches\7.3.3\fileContent)" [_thread_blocked, id=5656, stack(0x0000004d35300000,0x0000004d35400000)]
  0x00000162d33c9000 JavaThread "jar transforms Thread 2" [_thread_blocked, id=23080, stack(0x0000004d35400000,0x0000004d35500000)]
  0x00000162d33cb800 JavaThread "jar transforms Thread 3" [_thread_blocked, id=17792, stack(0x0000004d35600000,0x0000004d35700000)]
  0x00000162d736e800 JavaThread "jar transforms Thread 4" [_thread_blocked, id=18228, stack(0x0000004d3a800000,0x0000004d3a900000)]
  0x00000162d736c000 JavaThread "jar transforms Thread 5" [_thread_blocked, id=25488, stack(0x0000004d3a900000,0x0000004d3aa00000)]
  0x00000162d7376800 JavaThread "jar transforms Thread 6" [_thread_blocked, id=20124, stack(0x0000004d3aa00000,0x0000004d3ab00000)]
  0x00000162d7377800 JavaThread "jar transforms Thread 7" [_thread_blocked, id=15560, stack(0x0000004d3ab00000,0x0000004d3ac00000)]
  0x00000162d7375000 JavaThread "jar transforms Thread 8" [_thread_blocked, id=22880, stack(0x0000004d3ac00000,0x0000004d3ad00000)]
  0x00000162d7378800 JavaThread "Memory manager" [_thread_blocked, id=9224, stack(0x0000004d3ad00000,0x0000004d3ae00000)]
  0x00000162d7372800 JavaThread "pool-3-thread-1" [_thread_blocked, id=16676, stack(0x0000004d3af00000,0x0000004d3b000000)]
  0x00000162d83d8800 JavaThread "Cache worker for Java compile cache (C:\Users\Rares Popa\.gradle\caches\7.3.3\javaCompile)" [_thread_blocked, id=15684, stack(0x0000004d3ba00000,0x0000004d3bb00000)]
  0x00000162d4c71000 JavaThread "pool-8-thread-1" [_thread_blocked, id=11000, stack(0x0000004d3ae00000,0x0000004d3af00000)]
  0x00000162d52f5800 JavaThread "pool-13-thread-1" [_thread_blocked, id=15820, stack(0x0000004d3b000000,0x0000004d3b100000)]
  0x00000162d25b7800 JavaThread "pool-17-thread-1" [_thread_blocked, id=2984, stack(0x0000004d3a600000,0x0000004d3a700000)]
  0x00000162d4c6b000 JavaThread "pool-22-thread-1" [_thread_blocked, id=17300, stack(0x0000004d3a700000,0x0000004d3a800000)]
  0x00000162deb50800 JavaThread "pool-27-thread-1" [_thread_blocked, id=4776, stack(0x0000004d3b200000,0x0000004d3b300000)]
  0x00000162d33ce000 JavaThread "pool-30-thread-1" [_thread_blocked, id=5560, stack(0x0000004d3b100000,0x0000004d3b200000)]
  0x00000162d7379000 JavaThread "pool-33-thread-1" [_thread_blocked, id=12020, stack(0x0000004d3b400000,0x0000004d3b500000)]
  0x00000162da0f4000 JavaThread "ForkJoinPool.commonPool-worker-3" daemon [_thread_blocked, id=2812, stack(0x0000004d3d600000,0x0000004d3d700000)]
  0x00000162deb53000 JavaThread "pool-37-thread-1" [_thread_blocked, id=21896, stack(0x0000004d3b300000,0x0000004d3b400000)]
  0x00000162deb4c800 JavaThread "pool-41-thread-1" [_thread_blocked, id=9560, stack(0x0000004d3b500000,0x0000004d3b600000)]
  0x00000162da0f1800 JavaThread "pool-44-thread-1" [_thread_blocked, id=15148, stack(0x0000004d3b700000,0x0000004d3b800000)]
  0x00000162da0f6000 JavaThread "pool-48-thread-1" [_thread_blocked, id=16216, stack(0x0000004d3b600000,0x0000004d3b700000)]
  0x00000162deb4a000 JavaThread "pool-52-thread-1" [_thread_blocked, id=27124, stack(0x0000004d3b800000,0x0000004d3b900000)]
  0x00000162deb4b800 JavaThread "pool-55-thread-1" [_thread_blocked, id=27020, stack(0x0000004d3bb00000,0x0000004d3bc00000)]
  0x00000162d2e9a800 JavaThread "ForkJoinPool.commonPool-worker-1" daemon [_thread_blocked, id=8548, stack(0x0000004d3da00000,0x0000004d3db00000)]
  0x00000162d2e98800 JavaThread "ForkJoinPool.commonPool-worker-5" daemon [_thread_blocked, id=10972, stack(0x0000004d3db00000,0x0000004d3dc00000)]
  0x00000162d82dd000 JavaThread "ForkJoinPool.commonPool-worker-7" daemon [_thread_blocked, id=20352, stack(0x0000004d3dc00000,0x0000004d3dd00000)]
  0x00000162d25b2800 JavaThread "pool-59-thread-1" [_thread_blocked, id=10344, stack(0x0000004d3b900000,0x0000004d3ba00000)]
  0x00000162deb54000 JavaThread "ForkJoinPool.commonPool-worker-9" daemon [_thread_blocked, id=28456, stack(0x0000004d3de00000,0x0000004d3df00000)]
  0x00000162deb54800 JavaThread "ForkJoinPool.commonPool-worker-11" daemon [_thread_blocked, id=24612, stack(0x0000004d3df00000,0x0000004d3e000000)]
  0x00000162deb4d800 JavaThread "Daemon Thread 14" [_thread_blocked, id=26268, stack(0x0000004d32000000,0x0000004d32100000)]
  0x00000162deb4f800 JavaThread "Daemon worker Thread 14" [_thread_in_Java, id=19544, stack(0x0000004d33d00000,0x0000004d33e00000)]
  0x00000162d83e4000 JavaThread "pool-64-thread-1" [_thread_blocked, id=27248, stack(0x0000004d3bc00000,0x0000004d3bd00000)]
  0x00000162d25b4000 JavaThread "Handler for socket connection from /127.0.0.1:64187 to /127.0.0.1:54697" [_thread_in_native, id=2380, stack(0x0000004d32100000,0x0000004d32200000)]
  0x00000162d25b1800 JavaThread "Cancel handler" [_thread_blocked, id=7048, stack(0x0000004d32200000,0x0000004d32300000)]
  0x00000162d25b6800 JavaThread "Asynchronous log dispatcher for DefaultDaemonConnection: socket connection from /127.0.0.1:64187 to /127.0.0.1:54697" [_thread_blocked, id=23372, stack(0x0000004d33e00000,0x0000004d33f00000)]
  0x00000162d25b8000 JavaThread "Stdin handler" [_thread_blocked, id=29444, stack(0x0000004d33f00000,0x0000004d34000000)]
  0x00000162d25b9000 JavaThread "Daemon client event forwarder" [_thread_blocked, id=25684, stack(0x0000004d34000000,0x0000004d34100000)]
  0x00000162d25b5000 JavaThread "Cache worker for file hash cache (C:\Rares\Licenta aplicatie\MyPlane\.gradle\7.3.3\fileHashes)" [_thread_blocked, id=30516, stack(0x0000004d34100000,0x0000004d34200000)]
  0x00000162d25b5800 JavaThread "Cache worker for checksums cache (C:\Rares\Licenta aplicatie\MyPlane\.gradle\7.3.3\checksums)" [_thread_blocked, id=28536, stack(0x0000004d34200000,0x0000004d34300000)]
  0x00000162d25b3800 JavaThread "Cache worker for cache directory md-supplier (C:\Users\Rares Popa\.gradle\caches\7.3.3\md-supplier)" [_thread_blocked, id=29328, stack(0x0000004d34300000,0x0000004d34400000)]
  0x00000162d25ba800 JavaThread "Cache worker for cache directory md-rule (C:\Users\Rares Popa\.gradle\caches\7.3.3\md-rule)" [_thread_blocked, id=26732, stack(0x0000004d34900000,0x0000004d34a00000)]
  0x00000162d25be800 JavaThread "Cache worker for dependencies-accessors (C:\Rares\Licenta aplicatie\MyPlane\.gradle\7.3.3\dependencies-accessors)" [_thread_blocked, id=27472, stack(0x0000004d34a00000,0x0000004d34b00000)]
  0x00000162d25bb800 JavaThread "Cache worker for Build Output Cleanup Cache (C:\Rares\Licenta aplicatie\MyPlane\.gradle\buildOutputCleanup)" [_thread_blocked, id=26796, stack(0x0000004d34d00000,0x0000004d34e00000)]
  0x00000162d25bf800 JavaThread "Unconstrained build operations" [_thread_blocked, id=30080, stack(0x0000004d34e00000,0x0000004d34f00000)]
  0x00000162d25ba000 JavaThread "Unconstrained build operations Thread 2" [_thread_blocked, id=10780, stack(0x0000004d34f00000,0x0000004d35000000)]
  0x00000162d25bc800 JavaThread "Unconstrained build operations Thread 3" [_thread_blocked, id=3852, stack(0x0000004d35100000,0x0000004d35200000)]
  0x00000162d25be000 JavaThread "Unconstrained build operations Thread 4" [_thread_blocked, id=28068, stack(0x0000004d35500000,0x0000004d35600000)]
  0x00000162d25bd000 JavaThread "Unconstrained build operations Thread 5" [_thread_blocked, id=3220, stack(0x0000004d35700000,0x0000004d35800000)]
  0x00000162d82e0000 JavaThread "Unconstrained build operations Thread 6" [_thread_blocked, id=19436, stack(0x0000004d35800000,0x0000004d35900000)]
  0x00000162d82e3800 JavaThread "Unconstrained build operations Thread 7" [_thread_blocked, id=30592, stack(0x0000004d35900000,0x0000004d35a00000)]
  0x00000162d82dd800 JavaThread "Unconstrained build operations Thread 8" [_thread_blocked, id=5240, stack(0x0000004d35a00000,0x0000004d35b00000)]
  0x00000162d82e1000 JavaThread "Unconstrained build operations Thread 9" [_thread_blocked, id=9016, stack(0x0000004d35b00000,0x0000004d35c00000)]
  0x00000162d82e1800 JavaThread "Unconstrained build operations Thread 10" [_thread_blocked, id=30040, stack(0x0000004d35c00000,0x0000004d35d00000)]
  0x00000162d82e2800 JavaThread "Unconstrained build operations Thread 11" [_thread_blocked, id=26932, stack(0x0000004d35d00000,0x0000004d35e00000)]
  0x00000162d82e4000 JavaThread "Unconstrained build operations Thread 12" [_thread_blocked, id=11480, stack(0x0000004d35e00000,0x0000004d35f00000)]
  0x00000162d82de800 JavaThread "Unconstrained build operations Thread 13" [_thread_blocked, id=29396, stack(0x0000004d35f00000,0x0000004d36000000)]
  0x00000162d82e5000 JavaThread "Unconstrained build operations Thread 14" [_thread_blocked, id=27564, stack(0x0000004d36000000,0x0000004d36100000)]
  0x00000162d82df000 JavaThread "Unconstrained build operations Thread 15" [_thread_blocked, id=30200, stack(0x0000004d36100000,0x0000004d36200000)]
  0x00000162d82ea000 JavaThread "Unconstrained build operations Thread 16" [_thread_blocked, id=29896, stack(0x0000004d36200000,0x0000004d36300000)]
  0x00000162d82eb800 JavaThread "Unconstrained build operations Thread 17" [_thread_blocked, id=1700, stack(0x0000004d36300000,0x0000004d36400000)]
  0x00000162d82e6000 JavaThread "Unconstrained build operations Thread 18" [_thread_blocked, id=27288, stack(0x0000004d36400000,0x0000004d36500000)]
  0x00000162d82ea800 JavaThread "Unconstrained build operations Thread 19" [_thread_blocked, id=18120, stack(0x0000004d36500000,0x0000004d36600000)]
  0x00000162d82ec800 JavaThread "Unconstrained build operations Thread 20" [_thread_blocked, id=25956, stack(0x0000004d36600000,0x0000004d36700000)]
  0x00000162d82e6800 JavaThread "Unconstrained build operations Thread 21" [_thread_blocked, id=15628, stack(0x0000004d36700000,0x0000004d36800000)]
  0x00000162d82e9000 JavaThread "Unconstrained build operations Thread 22" [_thread_blocked, id=28196, stack(0x0000004d36800000,0x0000004d36900000)]
  0x00000162d82ed000 JavaThread "Unconstrained build operations Thread 23" [_thread_blocked, id=6516, stack(0x0000004d36900000,0x0000004d36a00000)]
  0x00000162d82e7800 JavaThread "Unconstrained build operations Thread 24" [_thread_blocked, id=28756, stack(0x0000004d36a00000,0x0000004d36b00000)]
  0x00000162d82e8000 JavaThread "Unconstrained build operations Thread 25" [_thread_blocked, id=30312, stack(0x0000004d36b00000,0x0000004d36c00000)]
  0x00000162d82f2000 JavaThread "Unconstrained build operations Thread 26" [_thread_blocked, id=14936, stack(0x0000004d36c00000,0x0000004d36d00000)]
  0x00000162d82f0800 JavaThread "Unconstrained build operations Thread 27" [_thread_blocked, id=29880, stack(0x0000004d36d00000,0x0000004d36e00000)]
  0x00000162d82ee000 JavaThread "Unconstrained build operations Thread 28" [_thread_blocked, id=25800, stack(0x0000004d36e00000,0x0000004d36f00000)]
  0x00000162d82ee800 JavaThread "Unconstrained build operations Thread 29" [_thread_blocked, id=28508, stack(0x0000004d36f00000,0x0000004d37000000)]
  0x00000162d82f3000 JavaThread "Unconstrained build operations Thread 30" [_thread_blocked, id=28680, stack(0x0000004d37000000,0x0000004d37100000)]
  0x00000162d82f5800 JavaThread "Unconstrained build operations Thread 31" [_thread_blocked, id=29180, stack(0x0000004d37100000,0x0000004d37200000)]
  0x00000162d82f4800 JavaThread "Unconstrained build operations Thread 32" [_thread_blocked, id=11856, stack(0x0000004d37200000,0x0000004d37300000)]
  0x00000162d82ef800 JavaThread "Unconstrained build operations Thread 33" [_thread_blocked, id=16724, stack(0x0000004d37300000,0x0000004d37400000)]
  0x00000162d82f3800 JavaThread "Unconstrained build operations Thread 34" [_thread_blocked, id=26896, stack(0x0000004d37400000,0x0000004d37500000)]
  0x00000162d82f6000 JavaThread "Unconstrained build operations Thread 35" [_thread_blocked, id=13448, stack(0x0000004d37500000,0x0000004d37600000)]
  0x00000162d82f7000 JavaThread "Unconstrained build operations Thread 36" [_thread_blocked, id=26940, stack(0x0000004d37600000,0x0000004d37700000)]
  0x00000162d82f1000 JavaThread "Unconstrained build operations Thread 37" [_thread_blocked, id=3052, stack(0x0000004d37700000,0x0000004d37800000)]
  0x00000162d82f8800 JavaThread "Unconstrained build operations Thread 38" [_thread_blocked, id=14620, stack(0x0000004d37800000,0x0000004d37900000)]
  0x00000162d82f9800 JavaThread "Unconstrained build operations Thread 39" [_thread_blocked, id=18864, stack(0x0000004d37900000,0x0000004d37a00000)]
  0x00000162d82fa000 JavaThread "Unconstrained build operations Thread 40" [_thread_blocked, id=10120, stack(0x0000004d37a00000,0x0000004d37b00000)]
  0x00000162d82fb000 JavaThread "Unconstrained build operations Thread 41" [_thread_blocked, id=28248, stack(0x0000004d37b00000,0x0000004d37c00000)]
  0x00000162d82fc000 JavaThread "Unconstrained build operations Thread 42" [_thread_blocked, id=21736, stack(0x0000004d37c00000,0x0000004d37d00000)]
  0x00000162d82f7800 JavaThread "Unconstrained build operations Thread 43" [_thread_blocked, id=30064, stack(0x0000004d37d00000,0x0000004d37e00000)]
  0x00000162d9db0800 JavaThread "Unconstrained build operations Thread 44" [_thread_blocked, id=14180, stack(0x0000004d37e00000,0x0000004d37f00000)]
  0x00000162d9db2000 JavaThread "Unconstrained build operations Thread 45" [_thread_blocked, id=26724, stack(0x0000004d37f00000,0x0000004d38000000)]
  0x00000162d9db7800 JavaThread "Unconstrained build operations Thread 46" [_thread_blocked, id=27276, stack(0x0000004d38000000,0x0000004d38100000)]
  0x00000162d9db8800 JavaThread "Unconstrained build operations Thread 47" [_thread_blocked, id=19832, stack(0x0000004d38100000,0x0000004d38200000)]
  0x00000162d9db6000 JavaThread "Unconstrained build operations Thread 48" [_thread_blocked, id=25452, stack(0x0000004d38200000,0x0000004d38300000)]
  0x00000162d9db3800 JavaThread "Unconstrained build operations Thread 49" [_thread_blocked, id=28452, stack(0x0000004d38300000,0x0000004d38400000)]
  0x00000162d9db2800 JavaThread "Unconstrained build operations Thread 50" [_thread_blocked, id=19824, stack(0x0000004d38400000,0x0000004d38500000)]
  0x00000162d9dba000 JavaThread "Unconstrained build operations Thread 51" [_thread_blocked, id=30600, stack(0x0000004d38500000,0x0000004d38600000)]
  0x00000162d9db9800 JavaThread "Unconstrained build operations Thread 52" [_thread_blocked, id=19380, stack(0x0000004d38600000,0x0000004d38700000)]
  0x00000162d9db7000 JavaThread "Unconstrained build operations Thread 53" [_thread_blocked, id=11224, stack(0x0000004d38700000,0x0000004d38800000)]
  0x00000162d9db5000 JavaThread "Unconstrained build operations Thread 54" [_thread_blocked, id=29844, stack(0x0000004d38800000,0x0000004d38900000)]
  0x00000162d9db4800 JavaThread "Unconstrained build operations Thread 55" [_thread_blocked, id=27940, stack(0x0000004d38900000,0x0000004d38a00000)]
  0x00000162d9dbb000 JavaThread "Unconstrained build operations Thread 56" [_thread_blocked, id=28060, stack(0x0000004d38a00000,0x0000004d38b00000)]
  0x00000162d9dbd800 JavaThread "Unconstrained build operations Thread 57" [_thread_blocked, id=17364, stack(0x0000004d38b00000,0x0000004d38c00000)]
  0x00000162d9dbf000 JavaThread "Unconstrained build operations Thread 58" [_thread_blocked, id=27992, stack(0x0000004d38c00000,0x0000004d38d00000)]
  0x00000162d9dbe000 JavaThread "Unconstrained build operations Thread 59" [_thread_blocked, id=30364, stack(0x0000004d38d00000,0x0000004d38e00000)]
  0x00000162d9dbb800 JavaThread "Unconstrained build operations Thread 60" [_thread_blocked, id=29384, stack(0x0000004d38e00000,0x0000004d38f00000)]
  0x00000162d9dbc800 JavaThread "Unconstrained build operations Thread 61" [_thread_blocked, id=29004, stack(0x0000004d38f00000,0x0000004d39000000)]
  0x00000162d52f3000 JavaThread "Unconstrained build operations Thread 62" [_thread_blocked, id=2472, stack(0x0000004d39000000,0x0000004d39100000)]
  0x00000162d52f2000 JavaThread "Unconstrained build operations Thread 63" [_thread_blocked, id=12108, stack(0x0000004d39100000,0x0000004d39200000)]
  0x00000162d52f1800 JavaThread "Unconstrained build operations Thread 64" [_thread_blocked, id=29276, stack(0x0000004d39200000,0x0000004d39300000)]
  0x00000162d52f6000 JavaThread "Unconstrained build operations Thread 65" [_thread_blocked, id=27076, stack(0x0000004d39300000,0x0000004d39400000)]
  0x00000162d52f0800 JavaThread "Unconstrained build operations Thread 66" [_thread_blocked, id=21628, stack(0x0000004d39400000,0x0000004d39500000)]
  0x00000162d52f7000 JavaThread "Unconstrained build operations Thread 67" [_thread_blocked, id=30176, stack(0x0000004d39500000,0x0000004d39600000)]
  0x00000162d52f4000 JavaThread "Unconstrained build operations Thread 68" [_thread_blocked, id=12500, stack(0x0000004d39600000,0x0000004d39700000)]
  0x00000162d52f8800 JavaThread "Unconstrained build operations Thread 69" [_thread_blocked, id=20088, stack(0x0000004d39700000,0x0000004d39800000)]
  0x00000162d52f9800 JavaThread "Unconstrained build operations Thread 70" [_thread_blocked, id=17596, stack(0x0000004d39800000,0x0000004d39900000)]
  0x00000162d52fa800 JavaThread "Unconstrained build operations Thread 71" [_thread_blocked, id=28976, stack(0x0000004d39900000,0x0000004d39a00000)]
  0x00000162d52f4800 JavaThread "Unconstrained build operations Thread 72" [_thread_blocked, id=2296, stack(0x0000004d39a00000,0x0000004d39b00000)]
  0x00000162d52fd800 JavaThread "Unconstrained build operations Thread 73" [_thread_blocked, id=29812, stack(0x0000004d39b00000,0x0000004d39c00000)]
  0x00000162d52fb000 JavaThread "Unconstrained build operations Thread 74" [_thread_blocked, id=29464, stack(0x0000004d39c00000,0x0000004d39d00000)]
  0x00000162d52fc000 JavaThread "Unconstrained build operations Thread 75" [_thread_blocked, id=30184, stack(0x0000004d39d00000,0x0000004d39e00000)]
  0x00000162d52fd000 JavaThread "Unconstrained build operations Thread 76" [_thread_blocked, id=25316, stack(0x0000004d39e00000,0x0000004d39f00000)]
  0x00000162d52f8000 JavaThread "Unconstrained build operations Thread 77" [_thread_blocked, id=25744, stack(0x0000004d39f00000,0x0000004d3a000000)]
  0x00000162d52fe800 JavaThread "Unconstrained build operations Thread 78" [_thread_blocked, id=12272, stack(0x0000004d3a000000,0x0000004d3a100000)]
  0x00000162d52ff000 JavaThread "Unconstrained build operations Thread 79" [_thread_blocked, id=26464, stack(0x0000004d3a100000,0x0000004d3a200000)]
  0x00000162d83dc800 JavaThread "Unconstrained build operations Thread 80" [_thread_blocked, id=27716, stack(0x0000004d3a200000,0x0000004d3a300000)]
  0x00000162d83d9800 JavaThread "C2 CompilerThread1" daemon [_thread_in_native, id=2308, stack(0x0000004d3a300000,0x0000004d3a400000)]
=>0x00000162d83d7000 JavaThread "C2 CompilerThread2" daemon [_thread_in_native, id=30596, stack(0x0000004d3a400000,0x0000004d3a500000)]

Other Threads:
  0x00000162cf494800 VMThread "VM Thread" [stack: 0x0000004d32900000,0x0000004d32a00000] [id=19872]
  0x00000162cf69b800 WatcherThread [stack: 0x0000004d33300000,0x0000004d33400000] [id=18436]
  0x00000162b267e800 GCTaskThread "GC Thread#0" [stack: 0x0000004d32400000,0x0000004d32500000] [id=2072]
  0x00000162cfeba800 GCTaskThread "GC Thread#1" [stack: 0x0000004d33400000,0x0000004d33500000] [id=26552]
  0x00000162cf815000 GCTaskThread "GC Thread#2" [stack: 0x0000004d33500000,0x0000004d33600000] [id=1568]
  0x00000162d00a8800 GCTaskThread "GC Thread#3" [stack: 0x0000004d33600000,0x0000004d33700000] [id=8]
  0x00000162d00c8000 GCTaskThread "GC Thread#4" [stack: 0x0000004d33700000,0x0000004d33800000] [id=17516]
  0x00000162d01f6000 GCTaskThread "GC Thread#5" [stack: 0x0000004d33800000,0x0000004d33900000] [id=2420]
  0x00000162d105b000 GCTaskThread "GC Thread#6" [stack: 0x0000004d34600000,0x0000004d34700000] [id=14784]
  0x00000162d1628000 GCTaskThread "GC Thread#7" [stack: 0x0000004d34700000,0x0000004d34800000] [id=20000]
  0x00000162b47ea800 ConcurrentGCThread "G1 Main Marker" [stack: 0x0000004d32500000,0x0000004d32600000] [id=21668]
  0x00000162b47eb800 ConcurrentGCThread "G1 Conc#0" [stack: 0x0000004d32600000,0x0000004d32700000] [id=19988]
  0x00000162d02f3000 ConcurrentGCThread "G1 Conc#1" [stack: 0x0000004d34800000,0x0000004d34900000] [id=10480]
  0x00000162ceadc800 ConcurrentGCThread "G1 Refine#0" [stack: 0x0000004d32700000,0x0000004d32800000] [id=23932]
  0x00000162ceadf800 ConcurrentGCThread "G1 Young RemSet Sampling" [stack: 0x0000004d32800000,0x0000004d32900000] [id=18784]

Threads with active compile tasks:
C2 CompilerThread05473881 29407       4       org.gradle.api.internal.artifacts.ivyservice.resolveengine.result.ComponentSelectorSerializer::read (354 bytes)
C2 CompilerThread15473881 29409       4       org.gradle.api.internal.artifacts.ivyservice.resolveengine.result.CachingDependencyResultFactory::createResolvedDependency (89 bytes)
C2 CompilerThread25473881 29377       4       com.android.build.gradle.options.ProjectOptions::get (35 bytes)

VM state:not at safepoint (normal execution)

VM Mutex/Monitor currently owned by a thread:  ([mutex/lock_event])
[0x00000162b479f3a0] CompiledIC_lock - owner thread: 0x00000162deb4f800

Heap address: 0x0000000080000000, size: 2048 MB, Compressed Oops mode: 32-bit
Narrow klass base: 0x0000000000000000, Narrow klass shift: 3
Compressed class space size: 1073741824 Address: 0x0000000100000000

Heap:
 garbage-first heap   total 260096K, used 109845K [0x0000000080000000, 0x0000000100000000)
  region size 1024K, 12 young (12288K), 1 survivors (1024K)
 Metaspace       used 139737K, capacity 144308K, committed 144468K, reserved 1175552K
  class space    used 16985K, capacity 18688K, committed 18688K, reserved 1048576K
Heap Regions: E=young(eden), S=young(survivor), O=old, HS=humongous(starts), HC=humongous(continues), CS=collection set, F=free, A=archive, TAMS=top-at-mark-start (previous, next)
|   0|0x0000000080000000, 0x0000000080100000, 0x0000000080100000|100%| O|  |TAMS 0x0000000080100000, 0x0000000080000000| Untracked 
|   1|0x0000000080100000, 0x0000000080200000, 0x0000000080200000|100%| O|  |TAMS 0x0000000080200000, 0x0000000080100000| Untracked 
|   2|0x0000000080200000, 0x0000000080300000, 0x0000000080300000|100%| O|  |TAMS 0x0000000080300000, 0x0000000080200000| Untracked 
|   3|0x0000000080300000, 0x0000000080400000, 0x0000000080400000|100%|HS|  |TAMS 0x0000000080400000, 0x0000000080300000| Complete 
|   4|0x0000000080400000, 0x0000000080500000, 0x0000000080500000|100%|HC|  |TAMS 0x0000000080500000, 0x0000000080400000| Complete 
|   5|0x0000000080500000, 0x0000000080600000, 0x0000000080600000|100%|HC|  |TAMS 0x0000000080600000, 0x0000000080500000| Complete 
|   6|0x0000000080600000, 0x0000000080700000, 0x0000000080700000|100%| O|  |TAMS 0x0000000080700000, 0x0000000080600000| Untracked 
|   7|0x0000000080700000, 0x0000000080800000, 0x0000000080800000|100%| O|  |TAMS 0x0000000080800000, 0x0000000080700000| Untracked 
|   8|0x0000000080800000, 0x0000000080900000, 0x0000000080900000|100%| O|  |TAMS 0x0000000080900000, 0x0000000080800000| Untracked 
|   9|0x0000000080900000, 0x0000000080a00000, 0x0000000080a00000|100%| O|  |TAMS 0x0000000080a00000, 0x0000000080900000| Untracked 
|  10|0x0000000080a00000, 0x0000000080b00000, 0x0000000080b00000|100%| O|  |TAMS 0x0000000080b00000, 0x0000000080a00000| Untracked 
|  11|0x0000000080b00000, 0x0000000080c00000, 0x0000000080c00000|100%| O|  |TAMS 0x0000000080c00000, 0x0000000080b00000| Untracked 
|  12|0x0000000080c00000, 0x0000000080d00000, 0x0000000080d00000|100%| O|  |TAMS 0x0000000080d00000, 0x0000000080c00000| Untracked 
|  13|0x0000000080d00000, 0x0000000080e00000, 0x0000000080e00000|100%| O|  |TAMS 0x0000000080e00000, 0x0000000080d00000| Untracked 
|  14|0x0000000080e00000, 0x0000000080f00000, 0x0000000080f00000|100%| O|  |TAMS 0x0000000080f00000, 0x0000000080e00000| Untracked 
|  15|0x0000000080f00000, 0x0000000081000000, 0x0000000081000000|100%| O|  |TAMS 0x0000000081000000, 0x0000000080f00000| Untracked 
|  16|0x0000000081000000, 0x0000000081100000, 0x0000000081100000|100%| O|  |TAMS 0x0000000081100000, 0x0000000081000000| Untracked 
|  17|0x0000000081100000, 0x0000000081200000, 0x0000000081200000|100%|HS|  |TAMS 0x0000000081200000, 0x0000000081100000| Complete 
|  18|0x0000000081200000, 0x0000000081300000, 0x0000000081300000|100%|HS|  |TAMS 0x0000000081300000, 0x0000000081200000| Complete 
|  19|0x0000000081300000, 0x0000000081400000, 0x0000000081400000|100%|HS|  |TAMS 0x0000000081400000, 0x0000000081300000| Complete 
|  20|0x0000000081400000, 0x0000000081500000, 0x0000000081500000|100%|HC|  |TAMS 0x0000000081500000, 0x0000000081400000| Complete 
|  21|0x0000000081500000, 0x0000000081600000, 0x0000000081600000|100%| O|  |TAMS 0x0000000081600000, 0x0000000081500000| Untracked 
|  22|0x0000000081600000, 0x0000000081700000, 0x0000000081700000|100%| O|  |TAMS 0x0000000081700000, 0x0000000081600000| Untracked 
|  23|0x0000000081700000, 0x0000000081800000, 0x0000000081800000|100%| O|  |TAMS 0x0000000081800000, 0x0000000081700000| Untracked 
|  24|0x0000000081800000, 0x0000000081900000, 0x0000000081900000|100%| O|  |TAMS 0x0000000081900000, 0x0000000081800000| Untracked 
|  25|0x0000000081900000, 0x0000000081a00000, 0x0000000081a00000|100%| O|  |TAMS 0x0000000081a00000, 0x0000000081900000| Untracked 
|  26|0x0000000081a00000, 0x0000000081b00000, 0x0000000081b00000|100%| O|  |TAMS 0x0000000081b00000, 0x0000000081a00000| Untracked 
|  27|0x0000000081b00000, 0x0000000081c00000, 0x0000000081c00000|100%| O|  |TAMS 0x0000000081c00000, 0x0000000081b00000| Untracked 
|  28|0x0000000081c00000, 0x0000000081d00000, 0x0000000081d00000|100%| O|  |TAMS 0x0000000081d00000, 0x0000000081c00000| Untracked 
|  29|0x0000000081d00000, 0x0000000081e00000, 0x0000000081e00000|100%| O|  |TAMS 0x0000000081e00000, 0x0000000081d00000| Untracked 
|  30|0x0000000081e00000, 0x0000000081f00000, 0x0000000081f00000|100%| O|  |TAMS 0x0000000081f00000, 0x0000000081e00000| Untracked 
|  31|0x0000000081f00000, 0x0000000082000000, 0x0000000082000000|100%| O|  |TAMS 0x0000000082000000, 0x0000000081f00000| Untracked 
|  32|0x0000000082000000, 0x0000000082100000, 0x0000000082100000|100%| O|  |TAMS 0x0000000082100000, 0x0000000082000000| Untracked 
|  33|0x0000000082100000, 0x0000000082200000, 0x0000000082200000|100%| O|  |TAMS 0x0000000082200000, 0x0000000082100000| Untracked 
|  34|0x0000000082200000, 0x0000000082300000, 0x0000000082300000|100%| O|  |TAMS 0x0000000082200000, 0x0000000082200000| Untracked 
|  35|0x0000000082300000, 0x0000000082400000, 0x0000000082400000|100%| O|  |TAMS 0x0000000082300000, 0x0000000082300000| Untracked 
|  36|0x0000000082400000, 0x0000000082500000, 0x0000000082500000|100%| O|  |TAMS 0x0000000082500000, 0x0000000082400000| Untracked 
|  37|0x0000000082500000, 0x0000000082600000, 0x0000000082600000|100%| O|  |TAMS 0x0000000082600000, 0x0000000082500000| Untracked 
|  38|0x0000000082600000, 0x0000000082700000, 0x0000000082700000|100%| O|  |TAMS 0x0000000082700000, 0x0000000082600000| Untracked 
|  39|0x0000000082700000, 0x0000000082800000, 0x0000000082800000|100%| O|  |TAMS 0x0000000082800000, 0x0000000082700000| Untracked 
|  40|0x0000000082800000, 0x0000000082900000, 0x0000000082900000|100%| O|  |TAMS 0x0000000082900000, 0x0000000082800000| Untracked 
|  41|0x0000000082900000, 0x0000000082a00000, 0x0000000082a00000|100%| O|  |TAMS 0x0000000082a00000, 0x0000000082900000| Untracked 
|  42|0x0000000082a00000, 0x0000000082b00000, 0x0000000082b00000|100%| O|  |TAMS 0x0000000082b00000, 0x0000000082a00000| Untracked 
|  43|0x0000000082b00000, 0x0000000082c00000, 0x0000000082c00000|100%| O|  |TAMS 0x0000000082c00000, 0x0000000082b00000| Untracked 
|  44|0x0000000082c00000, 0x0000000082d00000, 0x0000000082d00000|100%| O|  |TAMS 0x0000000082d00000, 0x0000000082c00000| Untracked 
|  45|0x0000000082d00000, 0x0000000082e00000, 0x0000000082e00000|100%| O|  |TAMS 0x0000000082e00000, 0x0000000082d00000| Untracked 
|  46|0x0000000082e00000, 0x0000000082f00000, 0x0000000082f00000|100%| O|  |TAMS 0x0000000082f00000, 0x0000000082e00000| Untracked 
|  47|0x0000000082f00000, 0x0000000082f00000, 0x0000000083000000|  0%| F|  |TAMS 0x0000000082f00000, 0x0000000082f00000| Untracked 
|  48|0x0000000083000000, 0x0000000083100000, 0x0000000083100000|100%| O|  |TAMS 0x0000000083100000, 0x0000000083000000| Untracked 
|  49|0x0000000083100000, 0x0000000083200000, 0x0000000083200000|100%| O|  |TAMS 0x0000000083200000, 0x0000000083100000| Untracked 
|  50|0x0000000083200000, 0x0000000083300000, 0x0000000083300000|100%| O|  |TAMS 0x0000000083300000, 0x0000000083200000| Untracked 
|  51|0x0000000083300000, 0x0000000083400000, 0x0000000083400000|100%| O|  |TAMS 0x0000000083400000, 0x0000000083300000| Untracked 
|  52|0x0000000083400000, 0x0000000083500000, 0x0000000083500000|100%| O|  |TAMS 0x0000000083500000, 0x0000000083400000| Untracked 
|  53|0x0000000083500000, 0x0000000083600000, 0x0000000083600000|100%| O|  |TAMS 0x0000000083600000, 0x0000000083500000| Untracked 
|  54|0x0000000083600000, 0x0000000083700000, 0x0000000083700000|100%| O|  |TAMS 0x0000000083700000, 0x0000000083600000| Untracked 
|  55|0x0000000083700000, 0x0000000083800000, 0x0000000083800000|100%| O|  |TAMS 0x0000000083800000, 0x0000000083700000| Untracked 
|  56|0x0000000083800000, 0x0000000083900000, 0x0000000083900000|100%| O|  |TAMS 0x0000000083900000, 0x0000000083800000| Untracked 
|  57|0x0000000083900000, 0x0000000083a00000, 0x0000000083a00000|100%| O|  |TAMS 0x0000000083a00000, 0x0000000083900000| Untracked 
|  58|0x0000000083a00000, 0x0000000083b00000, 0x0000000083b00000|100%| O|  |TAMS 0x0000000083a00000, 0x0000000083a00000| Untracked 
|  59|0x0000000083b00000, 0x0000000083c00000, 0x0000000083c00000|100%| O|  |TAMS 0x0000000083b00000, 0x0000000083b00000| Untracked 
|  60|0x0000000083c00000, 0x0000000083d00000, 0x0000000083d00000|100%| O|  |TAMS 0x0000000083d00000, 0x0000000083c00000| Untracked 
|  61|0x0000000083d00000, 0x0000000083e00000, 0x0000000083e00000|100%| O|  |TAMS 0x0000000083e00000, 0x0000000083d00000| Untracked 
|  62|0x0000000083e00000, 0x0000000083f00000, 0x0000000083f00000|100%| O|  |TAMS 0x0000000083f00000, 0x0000000083e00000| Untracked 
|  63|0x0000000083f00000, 0x0000000084000000, 0x0000000084000000|100%| O|  |TAMS 0x0000000084000000, 0x0000000083f00000| Untracked 
|  64|0x0000000084000000, 0x000000008407e600, 0x0000000084100000| 49%| O|  |TAMS 0x0000000084000000, 0x0000000084000000| Untracked 
|  65|0x0000000084100000, 0x0000000084200000, 0x0000000084200000|100%| O|  |TAMS 0x0000000084200000, 0x0000000084100000| Untracked 
|  66|0x0000000084200000, 0x0000000084300000, 0x0000000084300000|100%| O|  |TAMS 0x0000000084300000, 0x0000000084200000| Untracked 
|  67|0x0000000084300000, 0x0000000084400000, 0x0000000084400000|100%| O|  |TAMS 0x0000000084400000, 0x0000000084300000| Untracked 
|  68|0x0000000084400000, 0x0000000084500000, 0x0000000084500000|100%| O|  |TAMS 0x0000000084500000, 0x0000000084400000| Untracked 
|  69|0x0000000084500000, 0x0000000084600000, 0x0000000084600000|100%| O|  |TAMS 0x0000000084600000, 0x0000000084500000| Untracked 
|  70|0x0000000084600000, 0x0000000084700000, 0x0000000084700000|100%| O|  |TAMS 0x0000000084700000, 0x0000000084600000| Untracked 
|  71|0x0000000084700000, 0x0000000084800000, 0x0000000084800000|100%| O|  |TAMS 0x0000000084800000, 0x0000000084700000| Untracked 
|  72|0x0000000084800000, 0x0000000084900000, 0x0000000084900000|100%| O|  |TAMS 0x0000000084900000, 0x0000000084800000| Untracked 
|  73|0x0000000084900000, 0x0000000084a00000, 0x0000000084a00000|100%| O|  |TAMS 0x0000000084a00000, 0x0000000084900000| Untracked 
|  74|0x0000000084a00000, 0x0000000084b00000, 0x0000000084b00000|100%| O|  |TAMS 0x0000000084b00000, 0x0000000084a00000| Untracked 
|  75|0x0000000084b00000, 0x0000000084b00000, 0x0000000084c00000|  0%| F|  |TAMS 0x0000000084b00000, 0x0000000084b00000| Untracked 
|  76|0x0000000084c00000, 0x0000000084c00000, 0x0000000084d00000|  0%| F|  |TAMS 0x0000000084c00000, 0x0000000084c00000| Untracked 
|  77|0x0000000084d00000, 0x0000000084e00000, 0x0000000084e00000|100%| O|  |TAMS 0x0000000084e00000, 0x0000000084d00000| Untracked 
|  78|0x0000000084e00000, 0x0000000084f00000, 0x0000000084f00000|100%| O|  |TAMS 0x0000000084f00000, 0x0000000084e00000| Untracked 
|  79|0x0000000084f00000, 0x0000000085000000, 0x0000000085000000|100%| O|  |TAMS 0x0000000085000000, 0x0000000084f00000| Untracked 
|  80|0x0000000085000000, 0x0000000085100000, 0x0000000085100000|100%| O|  |TAMS 0x0000000085100000, 0x0000000085000000| Untracked 
|  81|0x0000000085100000, 0x0000000085200000, 0x0000000085200000|100%| O|  |TAMS 0x0000000085200000, 0x0000000085100000| Untracked 
|  82|0x0000000085200000, 0x0000000085300000, 0x0000000085300000|100%| O|  |TAMS 0x0000000085300000, 0x0000000085200000| Untracked 
|  83|0x0000000085300000, 0x0000000085400000, 0x0000000085400000|100%| O|  |TAMS 0x0000000085400000, 0x0000000085300000| Untracked 
|  84|0x0000000085400000, 0x0000000085500000, 0x0000000085500000|100%| O|  |TAMS 0x0000000085500000, 0x0000000085400000| Untracked 
|  85|0x0000000085500000, 0x0000000085600000, 0x0000000085600000|100%| O|  |TAMS 0x0000000085600000, 0x0000000085500000| Untracked 
|  86|0x0000000085600000, 0x0000000085600000, 0x0000000085700000|  0%| F|  |TAMS 0x0000000085600000, 0x0000000085600000| Untracked 
|  87|0x0000000085700000, 0x0000000085800000, 0x0000000085800000|100%| O|  |TAMS 0x00000000857b8c00, 0x0000000085700000| Untracked 
|  88|0x0000000085800000, 0x0000000085800000, 0x0000000085900000|  0%| F|  |TAMS 0x0000000085800000, 0x0000000085800000| Untracked 
|  89|0x0000000085900000, 0x0000000085900000, 0x0000000085a00000|  0%| F|  |TAMS 0x0000000085900000, 0x0000000085900000| Untracked 
|  90|0x0000000085a00000, 0x0000000085b00000, 0x0000000085b00000|100%| O|  |TAMS 0x0000000085b00000, 0x0000000085a00000| Untracked 
|  91|0x0000000085b00000, 0x0000000085b00000, 0x0000000085c00000|  0%| F|  |TAMS 0x0000000085b00000, 0x0000000085b00000| Untracked 
|  92|0x0000000085c00000, 0x0000000085c00000, 0x0000000085d00000|  0%| F|  |TAMS 0x0000000085c00000, 0x0000000085c00000| Untracked 
|  93|0x0000000085d00000, 0x0000000085e00000, 0x0000000085e00000|100%| O|  |TAMS 0x0000000085e00000, 0x0000000085d00000| Untracked 
|  94|0x0000000085e00000, 0x0000000085f00000, 0x0000000085f00000|100%| O|  |TAMS 0x0000000085f00000, 0x0000000085e00000| Untracked 
|  95|0x0000000085f00000, 0x0000000085f00000, 0x0000000086000000|  0%| F|  |TAMS 0x0000000085f00000, 0x0000000085f00000| Untracked 
|  96|0x0000000086000000, 0x0000000086100000, 0x0000000086100000|100%| O|  |TAMS 0x0000000086100000, 0x0000000086000000| Untracked 
|  97|0x0000000086100000, 0x0000000086200000, 0x0000000086200000|100%| O|  |TAMS 0x0000000086200000, 0x0000000086100000| Untracked 
|  98|0x0000000086200000, 0x0000000086300000, 0x0000000086300000|100%| O|  |TAMS 0x0000000086300000, 0x0000000086200000| Untracked 
|  99|0x0000000086300000, 0x0000000086300000, 0x0000000086400000|  0%| F|  |TAMS 0x0000000086300000, 0x0000000086300000| Untracked 
| 100|0x0000000086400000, 0x0000000086500000, 0x0000000086500000|100%| O|  |TAMS 0x0000000086500000, 0x0000000086400000| Untracked 
| 101|0x0000000086500000, 0x0000000086500000, 0x0000000086600000|  0%| F|  |TAMS 0x0000000086500000, 0x0000000086500000| Untracked 
| 102|0x0000000086600000, 0x0000000086600000, 0x0000000086700000|  0%| F|  |TAMS 0x0000000086600000, 0x0000000086600000| Untracked 
| 103|0x0000000086700000, 0x0000000086700000, 0x0000000086800000|  0%| F|  |TAMS 0x0000000086700000, 0x0000000086700000| Untracked 
| 104|0x0000000086800000, 0x0000000086800000, 0x0000000086900000|  0%| F|  |TAMS 0x0000000086800000, 0x0000000086800000| Untracked 
| 105|0x0000000086900000, 0x0000000086a00000, 0x0000000086a00000|100%| O|  |TAMS 0x0000000086a00000, 0x0000000086900000| Untracked 
| 106|0x0000000086a00000, 0x0000000086a00000, 0x0000000086b00000|  0%| F|  |TAMS 0x0000000086a00000, 0x0000000086a00000| Untracked 
| 107|0x0000000086b00000, 0x0000000086c00000, 0x0000000086c00000|100%| O|  |TAMS 0x0000000086c00000, 0x0000000086b00000| Untracked 
| 108|0x0000000086c00000, 0x0000000086d00000, 0x0000000086d00000|100%| O|  |TAMS 0x0000000086d00000, 0x0000000086c00000| Untracked 
| 109|0x0000000086d00000, 0x0000000086e00000, 0x0000000086e00000|100%| O|  |TAMS 0x0000000086e00000, 0x0000000086d00000| Untracked 
| 110|0x0000000086e00000, 0x0000000086e00000, 0x0000000086f00000|  0%| F|  |TAMS 0x0000000086e00000, 0x0000000086e00000| Untracked 
| 111|0x0000000086f00000, 0x0000000086f00000, 0x0000000087000000|  0%| F|  |TAMS 0x0000000086f00000, 0x0000000086f00000| Untracked 
| 112|0x0000000087000000, 0x0000000087000000, 0x0000000087100000|  0%| F|  |TAMS 0x0000000087000000, 0x0000000087000000| Untracked 
| 113|0x0000000087100000, 0x0000000087200000, 0x0000000087200000|100%| O|  |TAMS 0x0000000087200000, 0x0000000087100000| Untracked 
| 114|0x0000000087200000, 0x0000000087300000, 0x0000000087300000|100%| O|  |TAMS 0x0000000087300000, 0x0000000087200000| Untracked 
| 115|0x0000000087300000, 0x0000000087300000, 0x0000000087400000|  0%| F|  |TAMS 0x0000000087300000, 0x0000000087300000| Untracked 
| 116|0x0000000087400000, 0x0000000087400000, 0x0000000087500000|  0%| F|  |TAMS 0x0000000087400000, 0x0000000087400000| Untracked 
| 117|0x0000000087500000, 0x0000000087500000, 0x0000000087600000|  0%| F|  |TAMS 0x0000000087500000, 0x0000000087500000| Untracked 
| 118|0x0000000087600000, 0x0000000087600000, 0x0000000087700000|  0%| F|  |TAMS 0x0000000087600000, 0x0000000087600000| Untracked 
| 119|0x0000000087700000, 0x0000000087700000, 0x0000000087800000|  0%| F|  |TAMS 0x0000000087700000, 0x0000000087700000| Untracked 
| 120|0x0000000087800000, 0x0000000087800000, 0x0000000087900000|  0%| F|  |TAMS 0x0000000087800000, 0x0000000087800000| Untracked 
| 121|0x0000000087900000, 0x0000000087900000, 0x0000000087a00000|  0%| F|  |TAMS 0x0000000087900000, 0x0000000087900000| Untracked 
| 122|0x0000000087a00000, 0x0000000087a00000, 0x0000000087b00000|  0%| F|  |TAMS 0x0000000087a00000, 0x0000000087a00000| Untracked 
| 123|0x0000000087b00000, 0x0000000087b00000, 0x0000000087c00000|  0%| F|  |TAMS 0x0000000087b00000, 0x0000000087b00000| Untracked 
| 124|0x0000000087c00000, 0x0000000087c00000, 0x0000000087d00000|  0%| F|  |TAMS 0x0000000087c00000, 0x0000000087c00000| Untracked 
| 125|0x0000000087d00000, 0x0000000087d00000, 0x0000000087e00000|  0%| F|  |TAMS 0x0000000087d00000, 0x0000000087d00000| Untracked 
| 126|0x0000000087e00000, 0x0000000087e00000, 0x0000000087f00000|  0%| F|  |TAMS 0x0000000087e00000, 0x0000000087e00000| Untracked 
| 127|0x0000000087f00000, 0x0000000087f00000, 0x0000000088000000|  0%| F|  |TAMS 0x0000000087f00000, 0x0000000087f00000| Untracked 
| 128|0x0000000088000000, 0x0000000088000000, 0x0000000088100000|  0%| F|  |TAMS 0x0000000088000000, 0x0000000088000000| Untracked 
| 129|0x0000000088100000, 0x0000000088100000, 0x0000000088200000|  0%| F|  |TAMS 0x0000000088100000, 0x0000000088100000| Untracked 
| 130|0x0000000088200000, 0x0000000088200000, 0x0000000088300000|  0%| F|  |TAMS 0x0000000088200000, 0x0000000088200000| Untracked 
| 131|0x0000000088300000, 0x0000000088300000, 0x0000000088400000|  0%| F|  |TAMS 0x0000000088300000, 0x0000000088300000| Untracked 
| 132|0x0000000088400000, 0x0000000088400000, 0x0000000088500000|  0%| F|  |TAMS 0x0000000088400000, 0x0000000088400000| Untracked 
| 133|0x0000000088500000, 0x0000000088500000, 0x0000000088600000|  0%| F|  |TAMS 0x0000000088500000, 0x0000000088500000| Untracked 
| 134|0x0000000088600000, 0x0000000088600000, 0x0000000088700000|  0%| F|  |TAMS 0x0000000088600000, 0x0000000088600000| Untracked 
| 135|0x0000000088700000, 0x0000000088700000, 0x0000000088800000|  0%| F|  |TAMS 0x0000000088700000, 0x0000000088700000| Untracked 
| 136|0x0000000088800000, 0x0000000088800000, 0x0000000088900000|  0%| F|  |TAMS 0x0000000088800000, 0x0000000088800000| Untracked 
| 137|0x0000000088900000, 0x0000000088900000, 0x0000000088a00000|  0%| F|  |TAMS 0x0000000088900000, 0x0000000088900000| Untracked 
| 138|0x0000000088a00000, 0x0000000088a00000, 0x0000000088b00000|  0%| F|  |TAMS 0x0000000088a00000, 0x0000000088a00000| Untracked 
| 139|0x0000000088b00000, 0x0000000088b00000, 0x0000000088c00000|  0%| F|  |TAMS 0x0000000088b00000, 0x0000000088b00000| Untracked 
| 140|0x0000000088c00000, 0x0000000088c00000, 0x0000000088d00000|  0%| F|  |TAMS 0x0000000088c00000, 0x0000000088c00000| Untracked 
| 141|0x0000000088d00000, 0x0000000088d00000, 0x0000000088e00000|  0%| F|  |TAMS 0x0000000088d00000, 0x0000000088d00000| Untracked 
| 142|0x0000000088e00000, 0x0000000088e00000, 0x0000000088f00000|  0%| F|  |TAMS 0x0000000088e00000, 0x0000000088e00000| Untracked 
| 143|0x0000000088f00000, 0x0000000088f00000, 0x0000000089000000|  0%| F|  |TAMS 0x0000000088f00000, 0x0000000088f00000| Untracked 
| 144|0x0000000089000000, 0x0000000089000000, 0x0000000089100000|  0%| F|  |TAMS 0x0000000089000000, 0x0000000089000000| Untracked 
| 145|0x0000000089100000, 0x0000000089100000, 0x0000000089200000|  0%| F|  |TAMS 0x0000000089100000, 0x0000000089100000| Untracked 
| 146|0x0000000089200000, 0x0000000089200000, 0x0000000089300000|  0%| F|  |TAMS 0x0000000089200000, 0x0000000089200000| Untracked 
| 147|0x0000000089300000, 0x0000000089300000, 0x0000000089400000|  0%| F|  |TAMS 0x0000000089300000, 0x0000000089300000| Untracked 
| 148|0x0000000089400000, 0x0000000089400000, 0x0000000089500000|  0%| F|  |TAMS 0x0000000089400000, 0x0000000089400000| Untracked 
| 149|0x0000000089500000, 0x0000000089500000, 0x0000000089600000|  0%| F|  |TAMS 0x0000000089500000, 0x0000000089500000| Untracked 
| 150|0x0000000089600000, 0x0000000089600000, 0x0000000089700000|  0%| F|  |TAMS 0x0000000089600000, 0x0000000089600000| Untracked 
| 151|0x0000000089700000, 0x0000000089700000, 0x0000000089800000|  0%| F|  |TAMS 0x0000000089700000, 0x0000000089700000| Untracked 
| 152|0x0000000089800000, 0x0000000089800000, 0x0000000089900000|  0%| F|  |TAMS 0x0000000089800000, 0x0000000089800000| Untracked 
| 153|0x0000000089900000, 0x0000000089900000, 0x0000000089a00000|  0%| F|  |TAMS 0x0000000089900000, 0x0000000089900000| Untracked 
| 154|0x0000000089a00000, 0x0000000089a00000, 0x0000000089b00000|  0%| F|  |TAMS 0x0000000089a00000, 0x0000000089a00000| Untracked 
| 155|0x0000000089b00000, 0x0000000089b00000, 0x0000000089c00000|  0%| F|  |TAMS 0x0000000089b00000, 0x0000000089b00000| Untracked 
| 156|0x0000000089c00000, 0x0000000089c00000, 0x0000000089d00000|  0%| F|  |TAMS 0x0000000089c00000, 0x0000000089c00000| Untracked 
| 157|0x0000000089d00000, 0x0000000089d00000, 0x0000000089e00000|  0%| F|  |TAMS 0x0000000089d00000, 0x0000000089d00000| Untracked 
| 158|0x0000000089e00000, 0x0000000089e00000, 0x0000000089f00000|  0%| F|  |TAMS 0x0000000089e00000, 0x0000000089e00000| Untracked 
| 159|0x0000000089f00000, 0x0000000089f00000, 0x000000008a000000|  0%| F|  |TAMS 0x0000000089f00000, 0x0000000089f00000| Untracked 
| 160|0x000000008a000000, 0x000000008a000000, 0x000000008a100000|  0%| F|  |TAMS 0x000000008a000000, 0x000000008a000000| Untracked 
| 161|0x000000008a100000, 0x000000008a100000, 0x000000008a200000|  0%| F|  |TAMS 0x000000008a100000, 0x000000008a100000| Untracked 
| 162|0x000000008a200000, 0x000000008a200000, 0x000000008a300000|  0%| F|  |TAMS 0x000000008a200000, 0x000000008a200000| Untracked 
| 163|0x000000008a300000, 0x000000008a300000, 0x000000008a400000|  0%| F|  |TAMS 0x000000008a300000, 0x000000008a300000| Untracked 
| 164|0x000000008a400000, 0x000000008a400000, 0x000000008a500000|  0%| F|  |TAMS 0x000000008a400000, 0x000000008a400000| Untracked 
| 165|0x000000008a500000, 0x000000008a500000, 0x000000008a600000|  0%| F|  |TAMS 0x000000008a500000, 0x000000008a500000| Untracked 
| 166|0x000000008a600000, 0x000000008a600000, 0x000000008a700000|  0%| F|  |TAMS 0x000000008a600000, 0x000000008a600000| Untracked 
| 167|0x000000008a700000, 0x000000008a700000, 0x000000008a800000|  0%| F|  |TAMS 0x000000008a700000, 0x000000008a700000| Untracked 
| 168|0x000000008a800000, 0x000000008a800000, 0x000000008a900000|  0%| F|  |TAMS 0x000000008a800000, 0x000000008a800000| Untracked 
| 169|0x000000008a900000, 0x000000008a900000, 0x000000008aa00000|  0%| F|  |TAMS 0x000000008a900000, 0x000000008a900000| Untracked 
| 170|0x000000008aa00000, 0x000000008aa00000, 0x000000008ab00000|  0%| F|  |TAMS 0x000000008aa00000, 0x000000008aa00000| Untracked 
| 171|0x000000008ab00000, 0x000000008ab00000, 0x000000008ac00000|  0%| F|  |TAMS 0x000000008ab00000, 0x000000008ab00000| Untracked 
| 172|0x000000008ac00000, 0x000000008ac00000, 0x000000008ad00000|  0%| F|  |TAMS 0x000000008ac00000, 0x000000008ac00000| Untracked 
| 173|0x000000008ad00000, 0x000000008ad00000, 0x000000008ae00000|  0%| F|  |TAMS 0x000000008ad00000, 0x000000008ad00000| Untracked 
| 174|0x000000008ae00000, 0x000000008ae00000, 0x000000008af00000|  0%| F|  |TAMS 0x000000008ae00000, 0x000000008ae00000| Untracked 
| 175|0x000000008af00000, 0x000000008af00000, 0x000000008b000000|  0%| F|  |TAMS 0x000000008af00000, 0x000000008af00000| Untracked 
| 176|0x000000008b000000, 0x000000008b000000, 0x000000008b100000|  0%| F|  |TAMS 0x000000008b000000, 0x000000008b000000| Untracked 
| 177|0x000000008b100000, 0x000000008b100000, 0x000000008b200000|  0%| F|  |TAMS 0x000000008b100000, 0x000000008b100000| Untracked 
| 178|0x000000008b200000, 0x000000008b200000, 0x000000008b300000|  0%| F|  |TAMS 0x000000008b200000, 0x000000008b200000| Untracked 
| 179|0x000000008b300000, 0x000000008b300000, 0x000000008b400000|  0%| F|  |TAMS 0x000000008b300000, 0x000000008b300000| Untracked 
| 180|0x000000008b400000, 0x000000008b400000, 0x000000008b500000|  0%| F|  |TAMS 0x000000008b400000, 0x000000008b400000| Untracked 
| 181|0x000000008b500000, 0x000000008b500000, 0x000000008b600000|  0%| F|  |TAMS 0x000000008b500000, 0x000000008b500000| Untracked 
| 182|0x000000008b600000, 0x000000008b600000, 0x000000008b700000|  0%| F|  |TAMS 0x000000008b600000, 0x000000008b600000| Untracked 
| 183|0x000000008b700000, 0x000000008b700000, 0x000000008b800000|  0%| F|  |TAMS 0x000000008b700000, 0x000000008b700000| Untracked 
| 184|0x000000008b800000, 0x000000008b800000, 0x000000008b900000|  0%| F|  |TAMS 0x000000008b800000, 0x000000008b800000| Untracked 
| 185|0x000000008b900000, 0x000000008b900000, 0x000000008ba00000|  0%| F|  |TAMS 0x000000008b900000, 0x000000008b900000| Untracked 
| 186|0x000000008ba00000, 0x000000008ba00000, 0x000000008bb00000|  0%| F|  |TAMS 0x000000008ba00000, 0x000000008ba00000| Untracked 
| 187|0x000000008bb00000, 0x000000008bb00000, 0x000000008bc00000|  0%| F|  |TAMS 0x000000008bb00000, 0x000000008bb00000| Untracked 
| 188|0x000000008bc00000, 0x000000008bc00000, 0x000000008bd00000|  0%| F|  |TAMS 0x000000008bc00000, 0x000000008bc00000| Untracked 
| 189|0x000000008bd00000, 0x000000008bd00000, 0x000000008be00000|  0%| F|  |TAMS 0x000000008bd00000, 0x000000008bd00000| Untracked 
| 190|0x000000008be00000, 0x000000008be00000, 0x000000008bf00000|  0%| F|  |TAMS 0x000000008be00000, 0x000000008be00000| Untracked 
| 191|0x000000008bf00000, 0x000000008bf00000, 0x000000008c000000|  0%| F|  |TAMS 0x000000008bf00000, 0x000000008bf00000| Untracked 
| 192|0x000000008c000000, 0x000000008c000000, 0x000000008c100000|  0%| F|  |TAMS 0x000000008c000000, 0x000000008c000000| Untracked 
| 193|0x000000008c100000, 0x000000008c100000, 0x000000008c200000|  0%| F|  |TAMS 0x000000008c100000, 0x000000008c100000| Untracked 
| 194|0x000000008c200000, 0x000000008c200000, 0x000000008c300000|  0%| F|  |TAMS 0x000000008c200000, 0x000000008c200000| Untracked 
| 195|0x000000008c300000, 0x000000008c300000, 0x000000008c400000|  0%| F|  |TAMS 0x000000008c300000, 0x000000008c300000| Untracked 
| 196|0x000000008c400000, 0x000000008c400000, 0x000000008c500000|  0%| F|  |TAMS 0x000000008c400000, 0x000000008c400000| Untracked 
| 197|0x000000008c500000, 0x000000008c500000, 0x000000008c600000|  0%| F|  |TAMS 0x000000008c500000, 0x000000008c500000| Untracked 
| 198|0x000000008c600000, 0x000000008c600000, 0x000000008c700000|  0%| F|  |TAMS 0x000000008c600000, 0x000000008c600000| Untracked 
| 199|0x000000008c700000, 0x000000008c700000, 0x000000008c800000|  0%| F|  |TAMS 0x000000008c700000, 0x000000008c700000| Untracked 
| 200|0x000000008c800000, 0x000000008c800000, 0x000000008c900000|  0%| F|  |TAMS 0x000000008c800000, 0x000000008c800000| Untracked 
| 201|0x000000008c900000, 0x000000008c900000, 0x000000008ca00000|  0%| F|  |TAMS 0x000000008c900000, 0x000000008c900000| Untracked 
| 202|0x000000008ca00000, 0x000000008ca00000, 0x000000008cb00000|  0%| F|  |TAMS 0x000000008ca00000, 0x000000008ca00000| Untracked 
| 203|0x000000008cb00000, 0x000000008cb00000, 0x000000008cc00000|  0%| F|  |TAMS 0x000000008cb00000, 0x000000008cb00000| Untracked 
| 204|0x000000008cc00000, 0x000000008cc00000, 0x000000008cd00000|  0%| F|  |TAMS 0x000000008cc00000, 0x000000008cc00000| Untracked 
| 205|0x000000008cd00000, 0x000000008cd00000, 0x000000008ce00000|  0%| F|  |TAMS 0x000000008cd00000, 0x000000008cd00000| Untracked 
| 206|0x000000008ce00000, 0x000000008ce00000, 0x000000008cf00000|  0%| F|  |TAMS 0x000000008ce00000, 0x000000008ce00000| Untracked 
| 207|0x000000008cf00000, 0x000000008cf00000, 0x000000008d000000|  0%| F|  |TAMS 0x000000008cf00000, 0x000000008cf00000| Untracked 
| 208|0x000000008d000000, 0x000000008d000000, 0x000000008d100000|  0%| F|  |TAMS 0x000000008d000000, 0x000000008d000000| Untracked 
| 209|0x000000008d100000, 0x000000008d100000, 0x000000008d200000|  0%| F|  |TAMS 0x000000008d100000, 0x000000008d100000| Untracked 
| 210|0x000000008d200000, 0x000000008d200000, 0x000000008d300000|  0%| F|  |TAMS 0x000000008d200000, 0x000000008d200000| Untracked 
| 211|0x000000008d300000, 0x000000008d300000, 0x000000008d400000|  0%| F|  |TAMS 0x000000008d300000, 0x000000008d300000| Untracked 
| 212|0x000000008d400000, 0x000000008d400000, 0x000000008d500000|  0%| F|  |TAMS 0x000000008d400000, 0x000000008d400000| Untracked 
| 213|0x000000008d500000, 0x000000008d500000, 0x000000008d600000|  0%| F|  |TAMS 0x000000008d500000, 0x000000008d500000| Untracked 
| 214|0x000000008d600000, 0x000000008d600000, 0x000000008d700000|  0%| F|  |TAMS 0x000000008d600000, 0x000000008d600000| Untracked 
| 215|0x000000008d700000, 0x000000008d700000, 0x000000008d800000|  0%| F|  |TAMS 0x000000008d700000, 0x000000008d700000| Untracked 
| 216|0x000000008d800000, 0x000000008d800000, 0x000000008d900000|  0%| F|  |TAMS 0x000000008d800000, 0x000000008d800000| Untracked 
| 217|0x000000008d900000, 0x000000008d900000, 0x000000008da00000|  0%| F|  |TAMS 0x000000008d900000, 0x000000008d900000| Untracked 
| 218|0x000000008da00000, 0x000000008da00000, 0x000000008db00000|  0%| F|  |TAMS 0x000000008da00000, 0x000000008da00000| Untracked 
| 219|0x000000008db00000, 0x000000008db00000, 0x000000008dc00000|  0%| F|  |TAMS 0x000000008db00000, 0x000000008db00000| Untracked 
| 220|0x000000008dc00000, 0x000000008dc00000, 0x000000008dd00000|  0%| F|  |TAMS 0x000000008dc00000, 0x000000008dc00000| Untracked 
| 221|0x000000008dd00000, 0x000000008dd00000, 0x000000008de00000|  0%| F|  |TAMS 0x000000008dd00000, 0x000000008dd00000| Untracked 
| 222|0x000000008de00000, 0x000000008de00000, 0x000000008df00000|  0%| F|  |TAMS 0x000000008de00000, 0x000000008de00000| Untracked 
| 223|0x000000008df00000, 0x000000008df00000, 0x000000008e000000|  0%| F|  |TAMS 0x000000008df00000, 0x000000008df00000| Untracked 
| 224|0x000000008e000000, 0x000000008e000000, 0x000000008e100000|  0%| F|  |TAMS 0x000000008e000000, 0x000000008e000000| Untracked 
| 225|0x000000008e100000, 0x000000008e100000, 0x000000008e200000|  0%| F|  |TAMS 0x000000008e100000, 0x000000008e100000| Untracked 
| 226|0x000000008e200000, 0x000000008e200000, 0x000000008e300000|  0%| F|  |TAMS 0x000000008e200000, 0x000000008e200000| Untracked 
| 227|0x000000008e300000, 0x000000008e300000, 0x000000008e400000|  0%| F|  |TAMS 0x000000008e300000, 0x000000008e300000| Untracked 
| 228|0x000000008e400000, 0x000000008e400000, 0x000000008e500000|  0%| F|  |TAMS 0x000000008e400000, 0x000000008e400000| Untracked 
| 229|0x000000008e500000, 0x000000008e500000, 0x000000008e600000|  0%| F|  |TAMS 0x000000008e500000, 0x000000008e500000| Untracked 
| 230|0x000000008e600000, 0x000000008e600000, 0x000000008e700000|  0%| F|  |TAMS 0x000000008e600000, 0x000000008e600000| Untracked 
| 231|0x000000008e700000, 0x000000008e700000, 0x000000008e800000|  0%| F|  |TAMS 0x000000008e700000, 0x000000008e700000| Untracked 
| 232|0x000000008e800000, 0x000000008e800000, 0x000000008e900000|  0%| F|  |TAMS 0x000000008e800000, 0x000000008e800000| Untracked 
| 233|0x000000008e900000, 0x000000008e900000, 0x000000008ea00000|  0%| F|  |TAMS 0x000000008e900000, 0x000000008e900000| Untracked 
| 234|0x000000008ea00000, 0x000000008ea00000, 0x000000008eb00000|  0%| F|  |TAMS 0x000000008ea00000, 0x000000008ea00000| Untracked 
| 235|0x000000008eb00000, 0x000000008eb00000, 0x000000008ec00000|  0%| F|  |TAMS 0x000000008eb00000, 0x000000008eb00000| Untracked 
| 236|0x000000008ec00000, 0x000000008ec00000, 0x000000008ed00000|  0%| F|  |TAMS 0x000000008ec00000, 0x000000008ec00000| Untracked 
| 237|0x000000008ed00000, 0x000000008ed00000, 0x000000008ee00000|  0%| F|  |TAMS 0x000000008ed00000, 0x000000008ed00000| Untracked 
| 238|0x000000008ee00000, 0x000000008ee00000, 0x000000008ef00000|  0%| F|  |TAMS 0x000000008ee00000, 0x000000008ee00000| Untracked 
| 239|0x000000008ef00000, 0x000000008ef00000, 0x000000008f000000|  0%| F|  |TAMS 0x000000008ef00000, 0x000000008ef00000| Untracked 
| 240|0x000000008f000000, 0x000000008f000000, 0x000000008f100000|  0%| F|  |TAMS 0x000000008f000000, 0x000000008f000000| Untracked 
| 241|0x000000008f100000, 0x000000008f100000, 0x000000008f200000|  0%| F|  |TAMS 0x000000008f100000, 0x000000008f100000| Untracked 
| 242|0x000000008f200000, 0x000000008f280800, 0x000000008f300000| 50%| E|  |TAMS 0x000000008f200000, 0x000000008f200000| Complete 
| 243|0x000000008f300000, 0x000000008f400000, 0x000000008f400000|100%| E|CS|TAMS 0x000000008f300000, 0x000000008f300000| Complete 
| 244|0x000000008f400000, 0x000000008f4c6e00, 0x000000008f500000| 77%| S|CS|TAMS 0x000000008f400000, 0x000000008f400000| Complete 
| 245|0x000000008f500000, 0x000000008f600000, 0x000000008f600000|100%| E|CS|TAMS 0x000000008f500000, 0x000000008f500000| Complete 
| 246|0x000000008f600000, 0x000000008f700000, 0x000000008f700000|100%| E|CS|TAMS 0x000000008f600000, 0x000000008f600000| Complete 
| 247|0x000000008f700000, 0x000000008f800000, 0x000000008f800000|100%| E|CS|TAMS 0x000000008f700000, 0x000000008f700000| Complete 
| 248|0x000000008f800000, 0x000000008f900000, 0x000000008f900000|100%| E|CS|TAMS 0x000000008f800000, 0x000000008f800000| Complete 
| 249|0x000000008f900000, 0x000000008fa00000, 0x000000008fa00000|100%| E|CS|TAMS 0x000000008f900000, 0x000000008f900000| Complete 
| 250|0x000000008fa00000, 0x000000008fb00000, 0x000000008fb00000|100%| E|CS|TAMS 0x000000008fa00000, 0x000000008fa00000| Complete 
| 251|0x000000008fb00000, 0x000000008fc00000, 0x000000008fc00000|100%| E|CS|TAMS 0x000000008fb00000, 0x000000008fb00000| Complete 
| 252|0x000000008fc00000, 0x000000008fd00000, 0x000000008fd00000|100%| E|CS|TAMS 0x000000008fc00000, 0x000000008fc00000| Complete 
| 253|0x000000008fd00000, 0x000000008fe00000, 0x000000008fe00000|100%| E|CS|TAMS 0x000000008fd00000, 0x000000008fd00000| Complete 

Card table byte_map: [0x00000162c79e0000,0x00000162c7de0000] _byte_map_base: 0x00000162c75e0000

Marking Bits (Prev, Next): (CMBitMap*) 0x00000162b47e1968, (CMBitMap*) 0x00000162b47e19a0
 Prev Bits: [0x00000162c81e0000, 0x00000162ca1e0000)
 Next Bits: [0x00000162ca1e0000, 0x00000162cc1e0000)

Polling page: 0x00000162b2730000

Metaspace:

Usage:
  Non-class:    122.68 MB capacity,   119.88 MB ( 98%) used,     2.25 MB (  2%) free+waste,   562.63 KB ( <1%) overhead. 
      Class:     18.25 MB capacity,    16.59 MB ( 91%) used,     1.42 MB (  8%) free+waste,   245.63 KB (  1%) overhead. 
       Both:    140.93 MB capacity,   136.46 MB ( 97%) used,     3.67 MB (  3%) free+waste,   808.25 KB ( <1%) overhead. 

Virtual space:
  Non-class space:      124.00 MB reserved,     122.83 MB (>99%) committed 
      Class space:        1.00 GB reserved,      18.25 MB (  2%) committed 
             Both:        1.12 GB reserved,     141.08 MB ( 12%) committed 

Chunk freelists:
   Non-Class:  0 bytes
       Class:  0 bytes
        Both:  0 bytes

MaxMetaspaceSize: 17179869184.00 GB
CompressedClassSpaceSize: 1.00 GB
Initial GC threshold: 20.80 MB
Current GC threshold: 232.64 MB
CDS: off

CodeHeap 'non-profiled nmethods': size=120000Kb used=19706Kb max_used=19723Kb free=100293Kb
 bounds [0x00000162bfd80000, 0x00000162c10d0000, 0x00000162c72b0000]
CodeHeap 'profiled nmethods': size=120000Kb used=55651Kb max_used=57550Kb free=64349Kb
 bounds [0x00000162b8850000, 0x00000162bc090000, 0x00000162bfd80000]
CodeHeap 'non-nmethods': size=5760Kb used=2471Kb max_used=2560Kb free=3288Kb
 bounds [0x00000162b82b0000, 0x00000162b8540000, 0x00000162b8850000]
 total_blobs=26364 nmethods=25366 adapters=907
 compilation: enabled
              stopped_count=0, restarted_count=0
 full_count=0

Compilation events (20 events):
Event: 5473.724 Thread 0x00000162cf503000 nmethod 29392 0x00000162ba6d3910 code [0x00000162ba6d3ae0, 0x00000162ba6d3ce8]
Event: 5473.728 Thread 0x00000162d83d9800 29393       4       org.gradle.internal.operations.DefaultBuildOperationRunner::call (24 bytes)
Event: 5473.729 Thread 0x00000162cf502000 nmethod 29390 0x00000162c070c210 code [0x00000162c070c3e0, 0x00000162c070c8b8]
Event: 5473.733 Thread 0x00000162cf502000 29394       4       org.gradle.internal.operations.DefaultBuildOperationRunner$CallableBuildOperationWorker::execute (10 bytes)
Event: 5473.736 Thread 0x00000162cf502000 nmethod 29394 0x00000162c0567f10 code [0x00000162c05680a0, 0x00000162c0568258]
Event: 5473.757 Thread 0x00000162d83d9800 nmethod 29393 0x00000162c0474490 code [0x00000162c04746c0, 0x00000162c0475268]
Event: 5473.763 Thread 0x00000162cf502000 29395       4       org.gradle.api.internal.model.DefaultObjectFactory::fileProperty (10 bytes)
Event: 5473.776 Thread 0x00000162cf502000 nmethod 29395 0x00000162c070b690 code [0x00000162c070b860, 0x00000162c070bf98]
Event: 5473.783 Thread 0x00000162cf503000 29396       3       com.android.build.gradle.internal.pipeline.OriginalStream$Builder::addScope (13 bytes)
Event: 5473.783 Thread 0x00000162cf503000 nmethod 29396 0x00000162b994d590 code [0x00000162b994d740, 0x00000162b994d908]
Event: 5473.783 Thread 0x00000162cf503000 29397       3       com.android.build.gradle.internal.pipeline.OriginalStream$Builder::build (80 bytes)
Event: 5473.784 Thread 0x00000162cf503000 nmethod 29397 0x00000162b8dc6a90 code [0x00000162b8dc6d20, 0x00000162b8dc78b8]
Event: 5473.784 Thread 0x00000162cf503000 29398       3       com.android.build.gradle.internal.pipeline.OriginalStream::<init> (12 bytes)
Event: 5473.784 Thread 0x00000162cf503000 nmethod 29398 0x00000162b984a210 code [0x00000162b984a3e0, 0x00000162b984a7d8]
Event: 5473.784 Thread 0x00000162cf503000 29399       3       com.android.build.gradle.internal.pipeline.OriginalStream::<init> (16 bytes)
Event: 5473.785 Thread 0x00000162cf503000 nmethod 29399 0x00000162b990b210 code [0x00000162b990b3e0, 0x00000162b990b778]
Event: 5473.785 Thread 0x00000162cf503000 29400       3       com.android.build.gradle.internal.pipeline.TransformStream::<init> (26 bytes)
Event: 5473.785 Thread 0x00000162cf503000 nmethod 29400 0x00000162b9149a10 code [0x00000162b9149be0, 0x00000162b9149eb8]
Event: 5473.785 Thread 0x00000162cf503000 29401       3       com.android.build.gradle.internal.pipeline.TransformManager::addStream (12 bytes)
Event: 5473.785 Thread 0x00000162cf503000 nmethod 29401 0x00000162b99e4090 code [0x00000162b99e4240, 0x00000162b99e4408]

GC Heap History (20 events):
Event: 5229.754 GC heap before
{Heap before GC invocations=51 (full 0):
 garbage-first heap   total 260096K, used 107085K [0x0000000080000000, 0x0000000100000000)
  region size 1024K, 12 young (12288K), 11 survivors (11264K)
 Metaspace       used 137553K, capacity 141419K, committed 142420K, reserved 1173504K
  class space    used 16698K, capacity 18163K, committed 18688K, reserved 1048576K
}
Event: 5229.772 GC heap after
{Heap after GC invocations=52 (full 0):
 garbage-first heap   total 260096K, used 104622K [0x0000000080000000, 0x0000000100000000)
  region size 1024K, 2 young (2048K), 2 survivors (2048K)
 Metaspace       used 137553K, capacity 141419K, committed 142420K, reserved 1173504K
  class space    used 16698K, capacity 18163K, committed 18688K, reserved 1048576K
}
Event: 5229.944 GC heap before
{Heap before GC invocations=52 (full 0):
 garbage-first heap   total 260096K, used 113838K [0x0000000080000000, 0x0000000100000000)
  region size 1024K, 12 young (12288K), 2 survivors (2048K)
 Metaspace       used 137571K, capacity 141420K, committed 142420K, reserved 1173504K
  class space    used 16699K, capacity 18163K, committed 18688K, reserved 1048576K
}
Event: 5229.958 GC heap after
{Heap after GC invocations=53 (full 0):
 garbage-first heap   total 260096K, used 104835K [0x0000000080000000, 0x0000000100000000)
  region size 1024K, 2 young (2048K), 2 survivors (2048K)
 Metaspace       used 137571K, capacity 141420K, committed 142420K, reserved 1173504K
  class space    used 16699K, capacity 18163K, committed 18688K, reserved 1048576K
}
Event: 5357.571 GC heap before
{Heap before GC invocations=54 (full 0):
 garbage-first heap   total 260096K, used 221571K [0x0000000080000000, 0x0000000100000000)
  region size 1024K, 107 young (109568K), 2 survivors (2048K)
 Metaspace       used 137853K, capacity 141742K, committed 142676K, reserved 1173504K
  class space    used 16711K, capacity 18182K, committed 18688K, reserved 1048576K
}
Event: 5357.581 GC heap after
{Heap after GC invocations=55 (full 0):
 garbage-first heap   total 260096K, used 112212K [0x0000000080000000, 0x0000000100000000)
  region size 1024K, 8 young (8192K), 8 survivors (8192K)
 Metaspace       used 137853K, capacity 141742K, committed 142676K, reserved 1173504K
  class space    used 16711K, capacity 18182K, committed 18688K, reserved 1048576K
}
Event: 5357.603 GC heap before
{Heap before GC invocations=55 (full 0):
 garbage-first heap   total 260096K, used 116308K [0x0000000080000000, 0x0000000100000000)
  region size 1024K, 12 young (12288K), 8 survivors (8192K)
 Metaspace       used 137862K, capacity 141754K, committed 142676K, reserved 1173504K
  class space    used 16714K, capacity 18186K, committed 18688K, reserved 1048576K
}
Event: 5357.620 GC heap after
{Heap after GC invocations=56 (full 0):
 garbage-first heap   total 260096K, used 97472K [0x0000000080000000, 0x0000000100000000)
  region size 1024K, 2 young (2048K), 2 survivors (2048K)
 Metaspace       used 137862K, capacity 141754K, committed 142676K, reserved 1173504K
  class space    used 16714K, capacity 18186K, committed 18688K, reserved 1048576K
}
Event: 5359.915 GC heap before
{Heap before GC invocations=56 (full 0):
 garbage-first heap   total 260096K, used 171200K [0x0000000080000000, 0x0000000100000000)
  region size 1024K, 76 young (77824K), 2 survivors (2048K)
 Metaspace       used 137964K, capacity 141768K, committed 142676K, reserved 1173504K
  class space    used 16716K, capacity 18190K, committed 18688K, reserved 1048576K
}
Event: 5359.928 GC heap after
{Heap after GC invocations=57 (full 0):
 garbage-first heap   total 260096K, used 101400K [0x0000000080000000, 0x0000000100000000)
  region size 1024K, 5 young (5120K), 5 survivors (5120K)
 Metaspace       used 137964K, capacity 141768K, committed 142676K, reserved 1173504K
  class space    used 16716K, capacity 18190K, committed 18688K, reserved 1048576K
}
Event: 5360.474 GC heap before
{Heap before GC invocations=58 (full 0):
 garbage-first heap   total 260096K, used 214040K [0x0000000080000000, 0x0000000100000000)
  region size 1024K, 112 young (114688K), 5 survivors (5120K)
 Metaspace       used 138114K, capacity 141971K, committed 142676K, reserved 1173504K
  class space    used 16717K, capacity 18192K, committed 18688K, reserved 1048576K
}
Event: 5360.485 GC heap after
{Heap after GC invocations=59 (full 0):
 garbage-first heap   total 260096K, used 108201K [0x0000000080000000, 0x0000000100000000)
  region size 1024K, 10 young (10240K), 10 survivors (10240K)
 Metaspace       used 138114K, capacity 141971K, committed 142676K, reserved 1173504K
  class space    used 16717K, capacity 18192K, committed 18688K, reserved 1048576K
}
Event: 5360.501 GC heap before
{Heap before GC invocations=59 (full 0):
 garbage-first heap   total 260096K, used 110249K [0x0000000080000000, 0x0000000100000000)
  region size 1024K, 12 young (12288K), 10 survivors (10240K)
 Metaspace       used 138114K, capacity 141971K, committed 142676K, reserved 1173504K
  class space    used 16717K, capacity 18192K, committed 18688K, reserved 1048576K
}
Event: 5360.519 GC heap after
{Heap after GC invocations=60 (full 0):
 garbage-first heap   total 260096K, used 98926K [0x0000000080000000, 0x0000000100000000)
  region size 1024K, 1 young (1024K), 1 survivors (1024K)
 Metaspace       used 138114K, capacity 141971K, committed 142676K, reserved 1173504K
  class space    used 16717K, capacity 18192K, committed 18688K, reserved 1048576K
}
Event: 5360.564 GC heap before
{Heap before GC invocations=60 (full 0):
 garbage-first heap   total 260096K, used 104046K [0x0000000080000000, 0x0000000100000000)
  region size 1024K, 7 young (7168K), 1 survivors (1024K)
 Metaspace       used 138129K, capacity 141971K, committed 142676K, reserved 1173504K
  class space    used 16717K, capacity 18192K, committed 18688K, reserved 1048576K
}
Event: 5360.570 GC heap after
{Heap after GC invocations=61 (full 0):
 garbage-first heap   total 260096K, used 99523K [0x0000000080000000, 0x0000000100000000)
  region size 1024K, 2 young (2048K), 2 survivors (2048K)
 Metaspace       used 138129K, capacity 141971K, committed 142676K, reserved 1173504K
  class space    used 16717K, capacity 18192K, committed 18688K, reserved 1048576K
}
Event: 5473.437 GC heap before
{Heap before GC invocations=62 (full 0):
 garbage-first heap   total 260096K, used 220355K [0x0000000080000000, 0x0000000100000000)
  region size 1024K, 111 young (113664K), 2 survivors (2048K)
 Metaspace       used 139719K, capacity 144308K, committed 144468K, reserved 1175552K
  class space    used 16985K, capacity 18688K, committed 18688K, reserved 1048576K
}
Event: 5473.445 GC heap after
{Heap after GC invocations=63 (full 0):
 garbage-first heap   total 260096K, used 100768K [0x0000000080000000, 0x0000000100000000)
  region size 1024K, 3 young (3072K), 3 survivors (3072K)
 Metaspace       used 139719K, capacity 144308K, committed 144468K, reserved 1175552K
  class space    used 16985K, capacity 18688K, committed 18688K, reserved 1048576K
}
Event: 5473.592 GC heap before
{Heap before GC invocations=63 (full 0):
 garbage-first heap   total 260096K, used 108960K [0x0000000080000000, 0x0000000100000000)
  region size 1024K, 12 young (12288K), 3 survivors (3072K)
 Metaspace       used 139719K, capacity 144308K, committed 144468K, reserved 1175552K
  class space    used 16985K, capacity 18688K, committed 18688K, reserved 1048576K
}
Event: 5473.602 GC heap after
{Heap after GC invocations=64 (full 0):
 garbage-first heap   total 260096K, used 99605K [0x0000000080000000, 0x0000000100000000)
  region size 1024K, 1 young (1024K), 1 survivors (1024K)
 Metaspace       used 139719K, capacity 144308K, committed 144468K, reserved 1175552K
  class space    used 16985K, capacity 18688K, committed 18688K, reserved 1048576K
}

Deoptimization events (20 events):
Event: 5360.717 Thread 0x00000162da0f9800 DEOPT PACKING pc=0x00000162bbff9980 sp=0x0000004d3d5fc760
Event: 5360.717 Thread 0x00000162da0f9800 DEOPT UNPACKING pc=0x00000162b82fa95e sp=0x0000004d3d5fbc50 mode 0
Event: 5360.717 Thread 0x00000162da0f9800 DEOPT PACKING pc=0x00000162ba7e0af7 sp=0x0000004d3d5fc770
Event: 5360.717 Thread 0x00000162da0f9800 DEOPT UNPACKING pc=0x00000162b82fa95e sp=0x0000004d3d5fbc58 mode 0
Event: 5360.724 Thread 0x00000162da0f9800 DEOPT PACKING pc=0x00000162ba7e0af7 sp=0x0000004d3d5fc830
Event: 5360.724 Thread 0x00000162da0f9800 DEOPT UNPACKING pc=0x00000162b82fa95e sp=0x0000004d3d5fbd18 mode 0
Event: 5360.730 Thread 0x00000162da0f9800 DEOPT PACKING pc=0x00000162ba7e0af7 sp=0x0000004d3d5fc870
Event: 5360.730 Thread 0x00000162da0f9800 DEOPT UNPACKING pc=0x00000162b82fa95e sp=0x0000004d3d5fbd58 mode 0
Event: 5360.734 Thread 0x00000162da0f9800 DEOPT PACKING pc=0x00000162ba7e0af7 sp=0x0000004d3d5fc870
Event: 5360.734 Thread 0x00000162da0f9800 DEOPT UNPACKING pc=0x00000162b82fa95e sp=0x0000004d3d5fbd58 mode 0
Event: 5360.741 Thread 0x00000162da0f9800 DEOPT PACKING pc=0x00000162ba7e0af7 sp=0x0000004d3d5fc870
Event: 5360.741 Thread 0x00000162da0f9800 DEOPT UNPACKING pc=0x00000162b82fa95e sp=0x0000004d3d5fbd58 mode 0
Event: 5360.886 Thread 0x00000162d82e0000 Uncommon trap: trap_request=0xffffff7e fr.pc=0x00000162c101e9ac relative=0x000000000000044c
Event: 5360.886 Thread 0x00000162d82e0000 Uncommon trap: reason=predicate action=maybe_recompile pc=0x00000162c101e9ac method=com.google.common.collect.ImmutableList.copyIntoArray([Ljava/lang/Object;I)I @ 11 c2
Event: 5360.886 Thread 0x00000162d82e0000 DEOPT PACKING pc=0x00000162c101e9ac sp=0x0000004d33dfb630
Event: 5360.886 Thread 0x00000162d82e0000 DEOPT UNPACKING pc=0x00000162b82fa1af sp=0x0000004d33dfb5e0 mode 2
Event: 5436.173 Thread 0x00000162deb4f800 DEOPT PACKING pc=0x00000162bb02dd9a sp=0x0000004d33dfbd00
Event: 5436.173 Thread 0x00000162deb4f800 DEOPT UNPACKING pc=0x00000162b82fa95e sp=0x0000004d33dfb1d0 mode 0
Event: 5436.243 Thread 0x00000162deb4f800 DEOPT PACKING pc=0x00000162b9416d3c sp=0x0000004d33df9b00
Event: 5436.243 Thread 0x00000162deb4f800 DEOPT UNPACKING pc=0x00000162b82fa95e sp=0x0000004d33df8fc0 mode 0

Classes redefined (0 events):
No events

Internal exceptions (20 events):
Event: 5360.655 Thread 0x00000162da0f5800 Exception <a 'sun/nio/fs/WindowsException'{0x000000008ef429f8}> (0x000000008ef429f8) thrown at [./src/hotspot/share/prims/jni.cpp, line 615]
Event: 5360.662 Thread 0x00000162da0f5800 Exception <a 'sun/nio/fs/WindowsException'{0x000000008ec01170}> (0x000000008ec01170) thrown at [./src/hotspot/share/prims/jni.cpp, line 615]
Event: 5360.780 Thread 0x00000162da0f9800 Exception <a 'sun/nio/fs/WindowsException'{0x000000008e24aef0}> (0x000000008e24aef0) thrown at [./src/hotspot/share/prims/jni.cpp, line 615]
Event: 5360.883 Thread 0x00000162deb4f800 Exception <a 'sun/nio/fs/WindowsException'{0x000000008dcb5d40}> (0x000000008dcb5d40) thrown at [./src/hotspot/share/prims/jni.cpp, line 615]
Event: 5360.884 Thread 0x00000162d82e0000 Exception <a 'sun/nio/fs/WindowsException'{0x000000008fc18e80}> (0x000000008fc18e80) thrown at [./src/hotspot/share/prims/jni.cpp, line 615]
Event: 5360.884 Thread 0x00000162d82e0000 Exception <a 'sun/nio/fs/WindowsException'{0x000000008fc18f00}> (0x000000008fc18f00) thrown at [./src/hotspot/share/prims/jni.cpp, line 615]
Event: 5360.885 Thread 0x00000162d82e0000 Exception <a 'sun/nio/fs/WindowsException'{0x000000008fc1a810}> (0x000000008fc1a810) thrown at [./src/hotspot/share/prims/jni.cpp, line 615]
Event: 5436.767 Thread 0x00000162deb4f800 Exception <a 'sun/nio/fs/WindowsException'{0x000000008ba5f8a0}> (0x000000008ba5f8a0) thrown at [./src/hotspot/share/prims/jni.cpp, line 615]
Event: 5436.871 Thread 0x00000162deb4f800 Exception <a 'java/lang/NoClassDefFoundError'{0x000000008b6b9cb0}: org/jetbrains/kotlin/gradle/plugin/KotlinBasePluginWrapper> (0x000000008b6b9cb0) thrown at [./src/hotspot/share/oops/constantPool.cpp, line 775]
Event: 5436.943 Thread 0x00000162deb4f800 Exception <a 'sun/nio/fs/WindowsException'{0x000000008b3a88c0}> (0x000000008b3a88c0) thrown at [./src/hotspot/share/prims/jni.cpp, line 615]
Event: 5436.953 Thread 0x00000162deb4f800 Exception <a 'sun/nio/fs/WindowsException'{0x000000008b252bb0}> (0x000000008b252bb0) thrown at [./src/hotspot/share/prims/jni.cpp, line 615]
Event: 5436.954 Thread 0x00000162deb4f800 Exception <a 'sun/nio/fs/WindowsException'{0x000000008b253e30}> (0x000000008b253e30) thrown at [./src/hotspot/share/prims/jni.cpp, line 615]
Event: 5436.954 Thread 0x00000162deb4f800 Exception <a 'sun/nio/fs/WindowsException'{0x000000008b255100}> (0x000000008b255100) thrown at [./src/hotspot/share/prims/jni.cpp, line 615]
Event: 5436.954 Thread 0x00000162deb4f800 Exception <a 'sun/nio/fs/WindowsException'{0x000000008b2563d0}> (0x000000008b2563d0) thrown at [./src/hotspot/share/prims/jni.cpp, line 615]
Event: 5437.016 Thread 0x00000162deb4f800 Exception <a 'sun/nio/fs/WindowsException'{0x000000008af46958}> (0x000000008af46958) thrown at [./src/hotspot/share/prims/jni.cpp, line 615]
Event: 5437.294 Thread 0x00000162d25b5800 Exception <a 'sun/nio/fs/WindowsException'{0x0000000089971e10}> (0x0000000089971e10) thrown at [./src/hotspot/share/prims/jni.cpp, line 615]
Event: 5437.296 Thread 0x00000162deb4f800 Exception <a 'sun/nio/fs/WindowsException'{0x000000008995d580}> (0x000000008995d580) thrown at [./src/hotspot/share/prims/jni.cpp, line 615]
Event: 5437.296 Thread 0x00000162deb4f800 Exception <a 'sun/nio/fs/WindowsException'{0x000000008995d6d8}> (0x000000008995d6d8) thrown at [./src/hotspot/share/prims/jni.cpp, line 615]
Event: 5437.296 Thread 0x00000162deb4f800 Exception <a 'sun/nio/fs/WindowsException'{0x000000008995efe8}> (0x000000008995efe8) thrown at [./src/hotspot/share/prims/jni.cpp, line 615]
Event: 5473.629 Thread 0x00000162deb4f800 Exception <a 'sun/nio/fs/WindowsException'{0x000000008f8244d0}> (0x000000008f8244d0) thrown at [./src/hotspot/share/prims/jni.cpp, line 615]

Events (20 events):
Event: 5473.520 Thread 0x00000162d52f6000 Thread added: 0x00000162d52f6000
Event: 5473.520 Thread 0x00000162d52f0800 Thread added: 0x00000162d52f0800
Event: 5473.520 Thread 0x00000162d52f7000 Thread added: 0x00000162d52f7000
Event: 5473.520 Thread 0x00000162d52f4000 Thread added: 0x00000162d52f4000
Event: 5473.521 Thread 0x00000162d52f8800 Thread added: 0x00000162d52f8800
Event: 5473.521 Thread 0x00000162d52f9800 Thread added: 0x00000162d52f9800
Event: 5473.521 Thread 0x00000162d52fa800 Thread added: 0x00000162d52fa800
Event: 5473.521 Thread 0x00000162d52f4800 Thread added: 0x00000162d52f4800
Event: 5473.521 Thread 0x00000162d52fd800 Thread added: 0x00000162d52fd800
Event: 5473.521 Thread 0x00000162d52fb000 Thread added: 0x00000162d52fb000
Event: 5473.522 Thread 0x00000162d52fc000 Thread added: 0x00000162d52fc000
Event: 5473.522 Thread 0x00000162d52fd000 Thread added: 0x00000162d52fd000
Event: 5473.522 Thread 0x00000162d52f8000 Thread added: 0x00000162d52f8000
Event: 5473.522 Thread 0x00000162d52fe800 Thread added: 0x00000162d52fe800
Event: 5473.522 Thread 0x00000162d52ff000 Thread added: 0x00000162d52ff000
Event: 5473.522 Thread 0x00000162d83dc800 Thread added: 0x00000162d83dc800
Event: 5473.525 Thread 0x00000162d83d9800 Thread added: 0x00000162d83d9800
Event: 5473.569 Executing VM operation: G1CollectForAllocation
Event: 5473.602 Executing VM operation: G1CollectForAllocation done
Event: 5473.637 Thread 0x00000162d83d7000 Thread added: 0x00000162d83d7000


Dynamic libraries:
0x00007ff790df0000 - 0x00007ff790dfa000 	C:\Rares\Android Studio\jre\bin\java.exe
0x00007ffeb7c40000 - 0x00007ffeb7e49000 	C:\WINDOWS\SYSTEM32\ntdll.dll
0x00007ffeb6800000 - 0x00007ffeb68be000 	C:\WINDOWS\System32\KERNEL32.DLL
0x00007ffeb5390000 - 0x00007ffeb570b000 	C:\WINDOWS\System32\KERNELBASE.dll
0x00007ffeb57c0000 - 0x00007ffeb58d1000 	C:\WINDOWS\System32\ucrtbase.dll
0x00007ffe9ed20000 - 0x00007ffe9ed37000 	C:\Rares\Android Studio\jre\bin\VCRUNTIME140.dll
0x00007ffe9c890000 - 0x00007ffe9c8a9000 	C:\Rares\Android Studio\jre\bin\jli.dll
0x00007ffeb5b70000 - 0x00007ffeb5d1d000 	C:\WINDOWS\System32\USER32.dll
0x00007ffe90fd0000 - 0x00007ffe91275000 	C:\WINDOWS\WinSxS\amd64_microsoft.windows.common-controls_6595b64144ccf1df_6.0.22000.120_none_9d947278b86cc467\COMCTL32.dll
0x00007ffeb5790000 - 0x00007ffeb57b6000 	C:\WINDOWS\System32\win32u.dll
0x00007ffeb5ac0000 - 0x00007ffeb5b63000 	C:\WINDOWS\System32\msvcrt.dll
0x00007ffeb5e00000 - 0x00007ffeb5e29000 	C:\WINDOWS\System32\GDI32.dll
0x00007ffeb58e0000 - 0x00007ffeb59f8000 	C:\WINDOWS\System32\gdi32full.dll
0x00007ffeb52f0000 - 0x00007ffeb538d000 	C:\WINDOWS\System32\msvcp_win.dll
0x00007ffeb5dc0000 - 0x00007ffeb5df2000 	C:\WINDOWS\System32\IMM32.DLL
0x00007ffe8a970000 - 0x00007ffe8aa0d000 	C:\Rares\Android Studio\jre\bin\msvcp140.dll
0x00007ffe24590000 - 0x00007ffe25075000 	C:\Rares\Android Studio\jre\bin\server\jvm.dll
0x00007ffeb66f0000 - 0x00007ffeb679e000 	C:\WINDOWS\System32\ADVAPI32.dll
0x00007ffeb5d20000 - 0x00007ffeb5dbe000 	C:\WINDOWS\System32\sechost.dll
0x00007ffeb68d0000 - 0x00007ffeb69f0000 	C:\WINDOWS\System32\RPCRT4.dll
0x00007ffeb5e30000 - 0x00007ffeb5e38000 	C:\WINDOWS\System32\PSAPI.DLL
0x00007ffea9280000 - 0x00007ffea928a000 	C:\WINDOWS\SYSTEM32\VERSION.dll
0x00007ffeae2f0000 - 0x00007ffeae2f9000 	C:\WINDOWS\SYSTEM32\WSOCK32.dll
0x00007ffeaf180000 - 0x00007ffeaf1b3000 	C:\WINDOWS\SYSTEM32\WINMM.dll
0x00007ffeb6680000 - 0x00007ffeb66ef000 	C:\WINDOWS\System32\WS2_32.dll
0x00007ffeb4280000 - 0x00007ffeb4298000 	C:\WINDOWS\SYSTEM32\kernel.appcore.dll
0x00007ffe9ef70000 - 0x00007ffe9ef81000 	C:\Rares\Android Studio\jre\bin\verify.dll
0x00007ffeafb70000 - 0x00007ffeafd91000 	C:\WINDOWS\SYSTEM32\DBGHELP.DLL
0x00007ffe92bb0000 - 0x00007ffe92be1000 	C:\WINDOWS\SYSTEM32\dbgcore.DLL
0x00007ffeb5710000 - 0x00007ffeb578f000 	C:\WINDOWS\System32\bcryptPrimitives.dll
0x00007ffe9dbb0000 - 0x00007ffe9dbd9000 	C:\Rares\Android Studio\jre\bin\java.dll
0x00007ffe9ef60000 - 0x00007ffe9ef6b000 	C:\Rares\Android Studio\jre\bin\jimage.dll
0x00007ffe9db90000 - 0x00007ffe9dba8000 	C:\Rares\Android Studio\jre\bin\zip.dll
0x00007ffeb5e40000 - 0x00007ffeb65f7000 	C:\WINDOWS\System32\SHELL32.dll
0x00007ffeb3210000 - 0x00007ffeb3a75000 	C:\WINDOWS\SYSTEM32\windows.storage.dll
0x00007ffeb7030000 - 0x00007ffeb73a8000 	C:\WINDOWS\System32\combase.dll
0x00007ffeb30a0000 - 0x00007ffeb3206000 	C:\WINDOWS\SYSTEM32\wintypes.dll
0x00007ffeb6d70000 - 0x00007ffeb6e5a000 	C:\WINDOWS\System32\SHCORE.dll
0x00007ffeb6bb0000 - 0x00007ffeb6c0d000 	C:\WINDOWS\System32\shlwapi.dll
0x00007ffeb5040000 - 0x00007ffeb5061000 	C:\WINDOWS\SYSTEM32\profapi.dll
0x00007ffe78a10000 - 0x00007ffe78a2a000 	C:\Rares\Android Studio\jre\bin\net.dll
0x00007ffeaed80000 - 0x00007ffeaee94000 	C:\WINDOWS\SYSTEM32\WINHTTP.dll
0x00007ffeb4720000 - 0x00007ffeb4787000 	C:\WINDOWS\system32\mswsock.dll
0x00007ffe5c520000 - 0x00007ffe5c534000 	C:\Rares\Android Studio\jre\bin\nio.dll
0x00007ffe9cae0000 - 0x00007ffe9cb07000 	C:\Users\Rares Popa\.gradle\native\e1d6ef7f7dcc3fd88c89a11ec53ec762bb8ba0a96d01ffa2cd45eb1d1d8dd5c5\windows-amd64\native-platform.dll
0x00007ffe76dd0000 - 0x00007ffe76f14000 	C:\Users\Rares Popa\.gradle\native\5664cfc778a61ccfe75a443a1ab52a65af34e5dc3c78e0209fed803814484fcb\windows-amd64\native-platform-file-events.dll
0x00007ffe9ef50000 - 0x00007ffe9ef5a000 	C:\Rares\Android Studio\jre\bin\management.dll
0x00007ffe9d9b0000 - 0x00007ffe9d9bd000 	C:\Rares\Android Studio\jre\bin\management_ext.dll
0x00007ffeb4960000 - 0x00007ffeb4978000 	C:\WINDOWS\SYSTEM32\CRYPTSP.dll
0x00007ffeb41e0000 - 0x00007ffeb4215000 	C:\WINDOWS\system32\rsaenh.dll
0x00007ffeb4810000 - 0x00007ffeb4839000 	C:\WINDOWS\SYSTEM32\USERENV.dll
0x00007ffeb4af0000 - 0x00007ffeb4b17000 	C:\WINDOWS\SYSTEM32\bcrypt.dll
0x00007ffeb4980000 - 0x00007ffeb498c000 	C:\WINDOWS\SYSTEM32\CRYPTBASE.dll
0x00007ffeb3d30000 - 0x00007ffeb3d5d000 	C:\WINDOWS\SYSTEM32\IPHLPAPI.DLL
0x00007ffeb6e60000 - 0x00007ffeb6e69000 	C:\WINDOWS\System32\NSI.dll
0x00007ffeab5e0000 - 0x00007ffeab5f9000 	C:\WINDOWS\SYSTEM32\dhcpcsvc6.DLL
0x00007ffeab740000 - 0x00007ffeab75e000 	C:\WINDOWS\SYSTEM32\dhcpcsvc.DLL
0x00007ffeb3d60000 - 0x00007ffeb3e48000 	C:\WINDOWS\SYSTEM32\DNSAPI.dll
0x00007ffeb42a0000 - 0x00007ffeb42d4000 	C:\WINDOWS\SYSTEM32\ntmarta.dll

dbghelp: loaded successfully - version: 4.0.5 - missing functions: none
symbol engine: initialized successfully - sym options: 0x614 - pdb path: .;C:\Rares\Android Studio\jre\bin;C:\WINDOWS\SYSTEM32;C:\WINDOWS\WinSxS\amd64_microsoft.windows.common-controls_6595b64144ccf1df_6.0.22000.120_none_9d947278b86cc467;C:\Rares\Android Studio\jre\bin\server;C:\Users\Rares Popa\.gradle\native\e1d6ef7f7dcc3fd88c89a11ec53ec762bb8ba0a96d01ffa2cd45eb1d1d8dd5c5\windows-amd64;C:\Users\Rares Popa\.gradle\native\5664cfc778a61ccfe75a443a1ab52a65af34e5dc3c78e0209fed803814484fcb\windows-amd64

VM Arguments:
jvm_args: --add-opens=java.base/java.util=ALL-UNNAMED --add-opens=java.base/java.lang=ALL-UNNAMED --add-opens=java.base/java.lang.invoke=ALL-UNNAMED --add-opens=java.base/java.util=ALL-UNNAMED --add-opens=java.prefs/java.util.prefs=ALL-UNNAMED --add-opens=java.prefs/java.util.prefs=ALL-UNNAMED --add-opens=java.base/java.nio.charset=ALL-UNNAMED --add-opens=java.base/java.net=ALL-UNNAMED --add-opens=java.base/java.util.concurrent.atomic=ALL-UNNAMED -Xmx2048m -Dfile.encoding=UTF-8 -Duser.country=US -Duser.language=en -Duser.variant 
java_command: org.gradle.launcher.daemon.bootstrap.GradleDaemon 7.3.3
java_class_path (initial): C:\Users\Rares Popa\.gradle\wrapper\dists\gradle-7.3.3-bin\6a41zxkdtcxs8rphpq6y0069z\gradle-7.3.3\lib\gradle-launcher-7.3.3.jar
Launcher Type: SUN_STANDARD

[Global flags]
     intx CICompilerCount                          = 4                                         {product} {ergonomic}
     uint ConcGCThreads                            = 2                                         {product} {ergonomic}
     uint G1ConcRefinementThreads                  = 8                                         {product} {ergonomic}
   size_t G1HeapRegionSize                         = 1048576                                   {product} {ergonomic}
    uintx GCDrainStackTargetSize                   = 64                                        {product} {ergonomic}
   size_t InitialHeapSize                          = 266338304                                 {product} {ergonomic}
   size_t MarkStackSize                            = 4194304                                   {product} {ergonomic}
   size_t MaxHeapSize                              = 2147483648                                {product} {command line}
   size_t MaxNewSize                               = 1287651328                                {product} {ergonomic}
   size_t MinHeapDeltaBytes                        = 1048576                                   {product} {ergonomic}
    uintx NonNMethodCodeHeapSize                   = 5836300                                {pd product} {ergonomic}
    uintx NonProfiledCodeHeapSize                  = 122910970                              {pd product} {ergonomic}
    uintx ProfiledCodeHeapSize                     = 122910970                              {pd product} {ergonomic}
    uintx ReservedCodeCacheSize                    = 251658240                              {pd product} {ergonomic}
     bool SegmentedCodeCache                       = true                                      {product} {ergonomic}
     bool UseCompressedClassPointers               = true                                 {lp64_product} {ergonomic}
     bool UseCompressedOops                        = true                                 {lp64_product} {ergonomic}
     bool UseG1GC                                  = true                                      {product} {ergonomic}
     bool UseLargePagesIndividualAllocation        = false                                  {pd product} {ergonomic}

Logging:
Log output configuration:
 #0: stdout all=warning uptime,level,tags
 #1: stderr all=off uptime,level,tags

Environment Variables:
PATH=C:\Program Files (x86)\Razer Chroma SDK\bin;C:\Program Files\Razer Chroma SDK\bin;C:\Program Files (x86)\Razer\ChromaBroadcast\bin;C:\Program Files\Razer\ChromaBroadcast\bin;C:\Windows\system32;C:\Windows;C:\Windows\System32\Wbem;C:\Windows\System32\WindowsPowerShell\v1.0\;C:\Windows\System32\OpenSSH\;C:\Program Files\dotnet\;C:\Program Files\Microsoft SQL Server\130\Tools\Binn\;C:\Program Files\Microsoft SQL Server\Client SDK\ODBC\170\Tools\Binn\;C:\Users\Rares Popa\AppData\Local\Microsoft\WindowsApps;C:\Users\Rares Popa\.dotnet\tools;C:\Rares\SAS Enterprise Guide\x86\Secure\ccme4;C:\Rares\SAS Enterprise Guide\Secure\ccme4;C:\WINDOWS\system32;C:\WINDOWS;C:\WINDOWS\System32\Wbem;C:\WINDOWS\System32\WindowsPowerShell\v1.0\;C:\WINDOWS\System32\OpenSSH\;C:\Rares\Git\cmd;C:\Users\Rares Popa\AppData\Local\Microsoft\WindowsApps;;C:\Rares\Microsoft VS Code\bin
USERNAME=Rares Popa
OS=Windows_NT
PROCESSOR_IDENTIFIER=Intel64 Family 6 Model 142 Stepping 12, GenuineIntel



---------------  S Y S T E M  ---------------

OS: Windows 10 , 64 bit Build 22000 (10.0.22000.1335)
OS uptime: 0 days 21:47 hours

CPU:total 8 (initial active 8) (4 cores per cpu, 2 threads per core) family 6 model 142 stepping 12 microcode 0xde, cmov, cx8, fxsr, mmx, sse, sse2, sse3, ssse3, sse4.1, sse4.2, popcnt, avx, avx2, aes, clmul, erms, 3dnowpref, lzcnt, ht, tsc, tscinvbit, bmi1, bmi2, adx, fma

Memory: 4k page, system-wide physical 16134M (1394M free)
TotalPageFile size 21040M (AvailPageFile size 13M)
current process WorkingSet (physical memory assigned to process): 615M, peak: 637M
current process commit charge ("private bytes"): 702M, peak: 713M

vm_info: OpenJDK 64-Bit Server VM (11.0.12+7-b1504.28-7817840) for windows-amd64 JRE (11.0.12+7-b1504.28-7817840), built on Oct 13 2021 22:12:33 by "builder" with MS VC++ 14.0 (VS2015)

END.
